INFO  - 2016-06-09 15:23:03.604; org.eclipse.jetty.server.Server; jetty-8.1.10.v20130312
INFO  - 2016-06-09 15:23:03.634; org.eclipse.jetty.deploy.providers.ScanningAppProvider; Deployment monitor C:\Users\BaezGMa\Downloads\solr-4.4.0 (1)\solr-4.4.0\example\contexts at interval 0
INFO  - 2016-06-09 15:23:03.654; org.eclipse.jetty.deploy.DeploymentManager; Deployable added: C:\Users\BaezGMa\Downloads\solr-4.4.0 (1)\solr-4.4.0\example\contexts\solr-jetty-context.xml
INFO  - 2016-06-09 15:23:03.744; org.eclipse.jetty.webapp.WebInfConfiguration; Extract jar:file:/C:/Users/BaezGMa/Downloads/solr-4.4.0%20(1)/solr-4.4.0/example/webapps/solr.war!/ to C:\Users\BaezGMa\Downloads\solr-4.4.0 (1)\solr-4.4.0\example\solr-webapp\webapp
INFO  - 2016-06-09 15:23:07.286; org.eclipse.jetty.webapp.StandardDescriptorProcessor; NO JSP Support for /solr, did not find org.apache.jasper.servlet.JspServlet
INFO  - 2016-06-09 15:23:07.416; org.apache.solr.servlet.SolrDispatchFilter; SolrDispatchFilter.init()
INFO  - 2016-06-09 15:23:07.436; org.apache.solr.core.SolrResourceLoader; JNDI not configured for solr (NoInitialContextEx)
INFO  - 2016-06-09 15:23:07.436; org.apache.solr.core.SolrResourceLoader; solr home defaulted to 'solr/' (could not find system property or JNDI)
INFO  - 2016-06-09 15:23:07.446; org.apache.solr.core.SolrResourceLoader; new SolrResourceLoader for directory: 'solr/'
INFO  - 2016-06-09 15:23:07.576; org.apache.solr.core.ConfigSolr; Loading container configuration from C:\Users\BaezGMa\Downloads\solr-4.4.0 (1)\solr-4.4.0\example\solr\solr.xml
INFO  - 2016-06-09 15:23:07.676; org.apache.solr.core.SolrCoreDiscoverer; Looking for cores in C:\Users\BaezGMa\Downloads\solr-4.4.0 (1)\solr-4.4.0\example\solr
INFO  - 2016-06-09 15:23:07.676; org.apache.solr.core.SolrCoreDiscoverer; Looking for cores in C:\Users\BaezGMa\Downloads\solr-4.4.0 (1)\solr-4.4.0\example\solr\bin
INFO  - 2016-06-09 15:23:07.686; org.apache.solr.core.SolrCoreDiscoverer; Discovered properties file C:\Users\BaezGMa\Downloads\solr-4.4.0 (1)\solr-4.4.0\example\solr\collection1\core.properties, adding to cores
INFO  - 2016-06-09 15:23:07.696; org.apache.solr.core.CoreContainer; New CoreContainer 504858437
INFO  - 2016-06-09 15:23:07.696; org.apache.solr.core.CoreContainer; Loading cores into CoreContainer [instanceDir=solr/]
INFO  - 2016-06-09 15:23:07.706; org.apache.solr.handler.component.HttpShardHandlerFactory; Setting socketTimeout to: 0
INFO  - 2016-06-09 15:23:07.716; org.apache.solr.handler.component.HttpShardHandlerFactory; Setting urlScheme to: http://
INFO  - 2016-06-09 15:23:07.716; org.apache.solr.handler.component.HttpShardHandlerFactory; Setting connTimeout to: 0
INFO  - 2016-06-09 15:23:07.716; org.apache.solr.handler.component.HttpShardHandlerFactory; Setting maxConnectionsPerHost to: 20
INFO  - 2016-06-09 15:23:07.716; org.apache.solr.handler.component.HttpShardHandlerFactory; Setting corePoolSize to: 0
INFO  - 2016-06-09 15:23:07.716; org.apache.solr.handler.component.HttpShardHandlerFactory; Setting maximumPoolSize to: 2147483647
INFO  - 2016-06-09 15:23:07.716; org.apache.solr.handler.component.HttpShardHandlerFactory; Setting maxThreadIdleTime to: 5
INFO  - 2016-06-09 15:23:07.716; org.apache.solr.handler.component.HttpShardHandlerFactory; Setting sizeOfQueue to: -1
INFO  - 2016-06-09 15:23:07.716; org.apache.solr.handler.component.HttpShardHandlerFactory; Setting fairnessPolicy to: false
INFO  - 2016-06-09 15:23:07.726; org.apache.solr.client.solrj.impl.HttpClientUtil; Creating new http client, config:maxConnectionsPerHost=20&maxConnections=10000&socketTimeout=0&connTimeout=0&retry=false
INFO  - 2016-06-09 15:23:08.036; org.apache.solr.logging.LogWatcher; Registering Log Listener [Log4j (org.slf4j.impl.Log4jLoggerFactory)]
INFO  - 2016-06-09 15:23:08.066; org.apache.solr.core.CoreContainer; Creating SolrCore 'collection1' using instanceDir: C:\Users\BaezGMa\Downloads\solr-4.4.0 (1)\solr-4.4.0\example\solr\collection1
INFO  - 2016-06-09 15:23:08.066; org.apache.solr.core.SolrResourceLoader; new SolrResourceLoader for directory: 'C:\Users\BaezGMa\Downloads\solr-4.4.0 (1)\solr-4.4.0\example\solr\collection1\'
INFO  - 2016-06-09 15:23:08.206; org.apache.solr.core.SolrConfig; Adding specified lib dirs to ClassLoader
INFO  - 2016-06-09 15:23:08.206; org.apache.solr.core.SolrResourceLoader; Adding 'file:/C:/Users/BaezGMa/Downloads/solr-4.4.0%20(1)/solr-4.4.0/contrib/extraction/lib/apache-mime4j-core-0.7.2.jar' to classloader
INFO  - 2016-06-09 15:23:08.206; org.apache.solr.core.SolrResourceLoader; Adding 'file:/C:/Users/BaezGMa/Downloads/solr-4.4.0%20(1)/solr-4.4.0/contrib/extraction/lib/apache-mime4j-dom-0.7.2.jar' to classloader
INFO  - 2016-06-09 15:23:08.206; org.apache.solr.core.SolrResourceLoader; Adding 'file:/C:/Users/BaezGMa/Downloads/solr-4.4.0%20(1)/solr-4.4.0/contrib/extraction/lib/bcmail-jdk15-1.45.jar' to classloader
INFO  - 2016-06-09 15:23:08.206; org.apache.solr.core.SolrResourceLoader; Adding 'file:/C:/Users/BaezGMa/Downloads/solr-4.4.0%20(1)/solr-4.4.0/contrib/extraction/lib/bcprov-jdk15-1.45.jar' to classloader
INFO  - 2016-06-09 15:23:08.206; org.apache.solr.core.SolrResourceLoader; Adding 'file:/C:/Users/BaezGMa/Downloads/solr-4.4.0%20(1)/solr-4.4.0/contrib/extraction/lib/boilerpipe-1.1.0.jar' to classloader
INFO  - 2016-06-09 15:23:08.206; org.apache.solr.core.SolrResourceLoader; Adding 'file:/C:/Users/BaezGMa/Downloads/solr-4.4.0%20(1)/solr-4.4.0/contrib/extraction/lib/commons-compress-1.4.1.jar' to classloader
INFO  - 2016-06-09 15:23:08.206; org.apache.solr.core.SolrResourceLoader; Adding 'file:/C:/Users/BaezGMa/Downloads/solr-4.4.0%20(1)/solr-4.4.0/contrib/extraction/lib/dom4j-1.6.1.jar' to classloader
INFO  - 2016-06-09 15:23:08.206; org.apache.solr.core.SolrResourceLoader; Adding 'file:/C:/Users/BaezGMa/Downloads/solr-4.4.0%20(1)/solr-4.4.0/contrib/extraction/lib/fontbox-1.8.1.jar' to classloader
INFO  - 2016-06-09 15:23:08.216; org.apache.solr.core.SolrResourceLoader; Adding 'file:/C:/Users/BaezGMa/Downloads/solr-4.4.0%20(1)/solr-4.4.0/contrib/extraction/lib/icu4j-49.1.jar' to classloader
INFO  - 2016-06-09 15:23:08.216; org.apache.solr.core.SolrResourceLoader; Adding 'file:/C:/Users/BaezGMa/Downloads/solr-4.4.0%20(1)/solr-4.4.0/contrib/extraction/lib/isoparser-1.0-RC-1.jar' to classloader
INFO  - 2016-06-09 15:23:08.216; org.apache.solr.core.SolrResourceLoader; Adding 'file:/C:/Users/BaezGMa/Downloads/solr-4.4.0%20(1)/solr-4.4.0/contrib/extraction/lib/jdom-1.0.jar' to classloader
INFO  - 2016-06-09 15:23:08.216; org.apache.solr.core.SolrResourceLoader; Adding 'file:/C:/Users/BaezGMa/Downloads/solr-4.4.0%20(1)/solr-4.4.0/contrib/extraction/lib/jempbox-1.8.1.jar' to classloader
INFO  - 2016-06-09 15:23:08.216; org.apache.solr.core.SolrResourceLoader; Adding 'file:/C:/Users/BaezGMa/Downloads/solr-4.4.0%20(1)/solr-4.4.0/contrib/extraction/lib/juniversalchardet-1.0.3.jar' to classloader
INFO  - 2016-06-09 15:23:08.216; org.apache.solr.core.SolrResourceLoader; Adding 'file:/C:/Users/BaezGMa/Downloads/solr-4.4.0%20(1)/solr-4.4.0/contrib/extraction/lib/metadata-extractor-2.6.2.jar' to classloader
INFO  - 2016-06-09 15:23:08.216; org.apache.solr.core.SolrResourceLoader; Adding 'file:/C:/Users/BaezGMa/Downloads/solr-4.4.0%20(1)/solr-4.4.0/contrib/extraction/lib/netcdf-4.2-min.jar' to classloader
INFO  - 2016-06-09 15:23:08.216; org.apache.solr.core.SolrResourceLoader; Adding 'file:/C:/Users/BaezGMa/Downloads/solr-4.4.0%20(1)/solr-4.4.0/contrib/extraction/lib/pdfbox-1.8.1.jar' to classloader
INFO  - 2016-06-09 15:23:08.216; org.apache.solr.core.SolrResourceLoader; Adding 'file:/C:/Users/BaezGMa/Downloads/solr-4.4.0%20(1)/solr-4.4.0/contrib/extraction/lib/poi-3.9.jar' to classloader
INFO  - 2016-06-09 15:23:08.226; org.apache.solr.core.SolrResourceLoader; Adding 'file:/C:/Users/BaezGMa/Downloads/solr-4.4.0%20(1)/solr-4.4.0/contrib/extraction/lib/poi-ooxml-3.9.jar' to classloader
INFO  - 2016-06-09 15:23:08.226; org.apache.solr.core.SolrResourceLoader; Adding 'file:/C:/Users/BaezGMa/Downloads/solr-4.4.0%20(1)/solr-4.4.0/contrib/extraction/lib/poi-ooxml-schemas-3.9.jar' to classloader
INFO  - 2016-06-09 15:23:08.226; org.apache.solr.core.SolrResourceLoader; Adding 'file:/C:/Users/BaezGMa/Downloads/solr-4.4.0%20(1)/solr-4.4.0/contrib/extraction/lib/poi-scratchpad-3.9.jar' to classloader
INFO  - 2016-06-09 15:23:08.226; org.apache.solr.core.SolrResourceLoader; Adding 'file:/C:/Users/BaezGMa/Downloads/solr-4.4.0%20(1)/solr-4.4.0/contrib/extraction/lib/rome-0.9.jar' to classloader
INFO  - 2016-06-09 15:23:08.226; org.apache.solr.core.SolrResourceLoader; Adding 'file:/C:/Users/BaezGMa/Downloads/solr-4.4.0%20(1)/solr-4.4.0/contrib/extraction/lib/tagsoup-1.2.1.jar' to classloader
INFO  - 2016-06-09 15:23:08.226; org.apache.solr.core.SolrResourceLoader; Adding 'file:/C:/Users/BaezGMa/Downloads/solr-4.4.0%20(1)/solr-4.4.0/contrib/extraction/lib/tika-core-1.4.jar' to classloader
INFO  - 2016-06-09 15:23:08.226; org.apache.solr.core.SolrResourceLoader; Adding 'file:/C:/Users/BaezGMa/Downloads/solr-4.4.0%20(1)/solr-4.4.0/contrib/extraction/lib/tika-parsers-1.4.jar' to classloader
INFO  - 2016-06-09 15:23:08.226; org.apache.solr.core.SolrResourceLoader; Adding 'file:/C:/Users/BaezGMa/Downloads/solr-4.4.0%20(1)/solr-4.4.0/contrib/extraction/lib/vorbis-java-core-0.1.jar' to classloader
INFO  - 2016-06-09 15:23:08.226; org.apache.solr.core.SolrResourceLoader; Adding 'file:/C:/Users/BaezGMa/Downloads/solr-4.4.0%20(1)/solr-4.4.0/contrib/extraction/lib/vorbis-java-tika-0.1.jar' to classloader
INFO  - 2016-06-09 15:23:08.226; org.apache.solr.core.SolrResourceLoader; Adding 'file:/C:/Users/BaezGMa/Downloads/solr-4.4.0%20(1)/solr-4.4.0/contrib/extraction/lib/xercesImpl-2.9.1.jar' to classloader
INFO  - 2016-06-09 15:23:08.226; org.apache.solr.core.SolrResourceLoader; Adding 'file:/C:/Users/BaezGMa/Downloads/solr-4.4.0%20(1)/solr-4.4.0/contrib/extraction/lib/xmlbeans-2.3.0.jar' to classloader
INFO  - 2016-06-09 15:23:08.226; org.apache.solr.core.SolrResourceLoader; Adding 'file:/C:/Users/BaezGMa/Downloads/solr-4.4.0%20(1)/solr-4.4.0/contrib/extraction/lib/xz-1.0.jar' to classloader
INFO  - 2016-06-09 15:23:08.236; org.apache.solr.core.SolrResourceLoader; Adding 'file:/C:/Users/BaezGMa/Downloads/solr-4.4.0%20(1)/solr-4.4.0/dist/solr-cell-4.4.0.jar' to classloader
INFO  - 2016-06-09 15:23:08.236; org.apache.solr.core.SolrResourceLoader; Adding 'file:/C:/Users/BaezGMa/Downloads/solr-4.4.0%20(1)/solr-4.4.0/contrib/clustering/lib/attributes-binder-1.0.1.jar' to classloader
INFO  - 2016-06-09 15:23:08.236; org.apache.solr.core.SolrResourceLoader; Adding 'file:/C:/Users/BaezGMa/Downloads/solr-4.4.0%20(1)/solr-4.4.0/contrib/clustering/lib/carrot2-mini-3.6.2.jar' to classloader
INFO  - 2016-06-09 15:23:08.236; org.apache.solr.core.SolrResourceLoader; Adding 'file:/C:/Users/BaezGMa/Downloads/solr-4.4.0%20(1)/solr-4.4.0/contrib/clustering/lib/hppc-0.4.1.jar' to classloader
INFO  - 2016-06-09 15:23:08.236; org.apache.solr.core.SolrResourceLoader; Adding 'file:/C:/Users/BaezGMa/Downloads/solr-4.4.0%20(1)/solr-4.4.0/contrib/clustering/lib/jackson-core-asl-1.7.4.jar' to classloader
INFO  - 2016-06-09 15:23:08.236; org.apache.solr.core.SolrResourceLoader; Adding 'file:/C:/Users/BaezGMa/Downloads/solr-4.4.0%20(1)/solr-4.4.0/contrib/clustering/lib/jackson-mapper-asl-1.7.4.jar' to classloader
INFO  - 2016-06-09 15:23:08.236; org.apache.solr.core.SolrResourceLoader; Adding 'file:/C:/Users/BaezGMa/Downloads/solr-4.4.0%20(1)/solr-4.4.0/contrib/clustering/lib/mahout-collections-1.0.jar' to classloader
INFO  - 2016-06-09 15:23:08.236; org.apache.solr.core.SolrResourceLoader; Adding 'file:/C:/Users/BaezGMa/Downloads/solr-4.4.0%20(1)/solr-4.4.0/contrib/clustering/lib/mahout-math-0.6.jar' to classloader
INFO  - 2016-06-09 15:23:08.236; org.apache.solr.core.SolrResourceLoader; Adding 'file:/C:/Users/BaezGMa/Downloads/solr-4.4.0%20(1)/solr-4.4.0/contrib/clustering/lib/simple-xml-2.6.4.jar' to classloader
INFO  - 2016-06-09 15:23:08.246; org.apache.solr.core.SolrResourceLoader; Adding 'file:/C:/Users/BaezGMa/Downloads/solr-4.4.0%20(1)/solr-4.4.0/dist/solr-clustering-4.4.0.jar' to classloader
INFO  - 2016-06-09 15:23:08.246; org.apache.solr.core.SolrResourceLoader; Adding 'file:/C:/Users/BaezGMa/Downloads/solr-4.4.0%20(1)/solr-4.4.0/contrib/langid/lib/jsonic-1.2.7.jar' to classloader
INFO  - 2016-06-09 15:23:08.246; org.apache.solr.core.SolrResourceLoader; Adding 'file:/C:/Users/BaezGMa/Downloads/solr-4.4.0%20(1)/solr-4.4.0/contrib/langid/lib/langdetect-1.1-20120112.jar' to classloader
INFO  - 2016-06-09 15:23:08.246; org.apache.solr.core.SolrResourceLoader; Adding 'file:/C:/Users/BaezGMa/Downloads/solr-4.4.0%20(1)/solr-4.4.0/dist/solr-langid-4.4.0.jar' to classloader
INFO  - 2016-06-09 15:23:08.246; org.apache.solr.core.SolrResourceLoader; Adding 'file:/C:/Users/BaezGMa/Downloads/solr-4.4.0%20(1)/solr-4.4.0/contrib/velocity/lib/commons-beanutils-1.7.0.jar' to classloader
INFO  - 2016-06-09 15:23:08.246; org.apache.solr.core.SolrResourceLoader; Adding 'file:/C:/Users/BaezGMa/Downloads/solr-4.4.0%20(1)/solr-4.4.0/contrib/velocity/lib/commons-collections-3.2.1.jar' to classloader
INFO  - 2016-06-09 15:23:08.246; org.apache.solr.core.SolrResourceLoader; Adding 'file:/C:/Users/BaezGMa/Downloads/solr-4.4.0%20(1)/solr-4.4.0/contrib/velocity/lib/velocity-1.7.jar' to classloader
INFO  - 2016-06-09 15:23:08.246; org.apache.solr.core.SolrResourceLoader; Adding 'file:/C:/Users/BaezGMa/Downloads/solr-4.4.0%20(1)/solr-4.4.0/contrib/velocity/lib/velocity-tools-2.0.jar' to classloader
INFO  - 2016-06-09 15:23:08.246; org.apache.solr.core.SolrResourceLoader; Adding 'file:/C:/Users/BaezGMa/Downloads/solr-4.4.0%20(1)/solr-4.4.0/dist/solr-velocity-4.4.0.jar' to classloader
INFO  - 2016-06-09 15:23:08.396; org.apache.solr.update.SolrIndexConfig; IndexWriter infoStream solr logging is enabled
INFO  - 2016-06-09 15:23:08.406; org.apache.solr.core.SolrConfig; Using Lucene MatchVersion: LUCENE_44
INFO  - 2016-06-09 15:23:08.536; org.apache.solr.core.SolrConfig; Loaded SolrConfig: solrconfig.xml
INFO  - 2016-06-09 15:23:08.546; org.apache.solr.schema.IndexSchema; Reading Solr Schema from schema.xml
INFO  - 2016-06-09 15:23:08.585; org.apache.solr.schema.IndexSchema; [collection1] Schema name=example
INFO  - 2016-06-09 15:23:09.118; org.apache.solr.schema.IndexSchema; unique key field: id
INFO  - 2016-06-09 15:23:09.248; org.apache.solr.schema.FileExchangeRateProvider; Reloading exchange rates from file currency.xml
INFO  - 2016-06-09 15:23:09.258; org.apache.solr.schema.FileExchangeRateProvider; Reloading exchange rates from file currency.xml
INFO  - 2016-06-09 15:23:09.418; org.apache.solr.core.SolrCore; solr.NRTCachingDirectoryFactory
INFO  - 2016-06-09 15:23:09.428; org.apache.solr.core.SolrCore; [collection1] Opening new SolrCore at C:\Users\BaezGMa\Downloads\solr-4.4.0 (1)\solr-4.4.0\example\solr\collection1\, dataDir=C:\Users\BaezGMa\Downloads\solr-4.4.0 (1)\solr-4.4.0\example\solr\collection1\data\
INFO  - 2016-06-09 15:23:09.428; org.apache.solr.core.JmxMonitoredMap; No JMX servers found, not exposing Solr information with JMX.
INFO  - 2016-06-09 15:23:09.458; org.apache.solr.core.SolrCore; [collection1] Added SolrEventListener for newSearcher: org.apache.solr.core.QuerySenderListener{queries=[]}
INFO  - 2016-06-09 15:23:09.458; org.apache.solr.core.SolrCore; [collection1] Added SolrEventListener for firstSearcher: org.apache.solr.core.QuerySenderListener{queries=[{q=static firstSearcher warming in solrconfig.xml}]}
INFO  - 2016-06-09 15:23:09.478; org.apache.solr.core.CachingDirectoryFactory; return new directory for C:\Users\BaezGMa\Downloads\solr-4.4.0 (1)\solr-4.4.0\example\solr\collection1\data
INFO  - 2016-06-09 15:23:09.478; org.apache.solr.core.SolrCore; New index directory detected: old=null new=C:\Users\BaezGMa\Downloads\solr-4.4.0 (1)\solr-4.4.0\example\solr\collection1\data\index/
WARN  - 2016-06-09 15:23:09.478; org.apache.solr.core.SolrCore; [collection1] Solr index directory 'C:\Users\BaezGMa\Downloads\solr-4.4.0 (1)\solr-4.4.0\example\solr\collection1\data\index' doesn't exist. Creating new index...
INFO  - 2016-06-09 15:23:09.498; org.apache.solr.core.CachingDirectoryFactory; return new directory for C:\Users\BaezGMa\Downloads\solr-4.4.0 (1)\solr-4.4.0\example\solr\collection1\data\index
INFO  - 2016-06-09 15:23:09.798; org.apache.solr.core.SolrDeletionPolicy; SolrDeletionPolicy.onCommit: commits: num=1
	commit{dir=NRTCachingDirectory(org.apache.lucene.store.MMapDirectory@C:\Users\BaezGMa\Downloads\solr-4.4.0 (1)\solr-4.4.0\example\solr\collection1\data\index lockFactory=org.apache.lucene.store.NativeFSLockFactory@530c8e65; maxCacheMB=48.0 maxMergeSizeMB=4.0),segFN=segments_1,generation=1}
INFO  - 2016-06-09 15:23:09.798; org.apache.solr.core.SolrDeletionPolicy; newest commit generation = 1
INFO  - 2016-06-09 15:23:09.808; org.apache.solr.core.SolrCore; created json: solr.JSONResponseWriter
INFO  - 2016-06-09 15:23:09.808; org.apache.solr.core.SolrCore; adding lazy queryResponseWriter: solr.VelocityResponseWriter
INFO  - 2016-06-09 15:23:09.808; org.apache.solr.core.SolrCore; created velocity: solr.VelocityResponseWriter
INFO  - 2016-06-09 15:23:09.808; org.apache.solr.core.SolrCore; created xslt: solr.XSLTResponseWriter
INFO  - 2016-06-09 15:23:09.808; org.apache.solr.response.XSLTResponseWriter; xsltCacheLifetimeSeconds=5
INFO  - 2016-06-09 15:23:09.958; org.apache.solr.core.RequestHandlers; created /select: solr.SearchHandler
INFO  - 2016-06-09 15:23:09.958; org.apache.solr.core.RequestHandlers; created /query: solr.SearchHandler
INFO  - 2016-06-09 15:23:09.958; org.apache.solr.core.RequestHandlers; created /get: solr.RealTimeGetHandler
INFO  - 2016-06-09 15:23:09.958; org.apache.solr.core.RequestHandlers; created /browse: solr.SearchHandler
INFO  - 2016-06-09 15:23:09.958; org.apache.solr.core.RequestHandlers; created /update: solr.UpdateRequestHandler
INFO  - 2016-06-09 15:23:09.958; org.apache.solr.core.RequestHandlers; created /update/json: solr.JsonUpdateRequestHandler
INFO  - 2016-06-09 15:23:09.958; org.apache.solr.core.RequestHandlers; created /update/csv: solr.CSVRequestHandler
INFO  - 2016-06-09 15:23:09.958; org.apache.solr.core.RequestHandlers; adding lazy requestHandler: solr.extraction.ExtractingRequestHandler
INFO  - 2016-06-09 15:23:09.968; org.apache.solr.core.RequestHandlers; created /update/extract: solr.extraction.ExtractingRequestHandler
INFO  - 2016-06-09 15:23:09.968; org.apache.solr.core.RequestHandlers; adding lazy requestHandler: solr.FieldAnalysisRequestHandler
INFO  - 2016-06-09 15:23:09.968; org.apache.solr.core.RequestHandlers; created /analysis/field: solr.FieldAnalysisRequestHandler
INFO  - 2016-06-09 15:23:09.968; org.apache.solr.core.RequestHandlers; adding lazy requestHandler: solr.DocumentAnalysisRequestHandler
INFO  - 2016-06-09 15:23:09.968; org.apache.solr.core.RequestHandlers; created /analysis/document: solr.DocumentAnalysisRequestHandler
INFO  - 2016-06-09 15:23:09.968; org.apache.solr.core.RequestHandlers; created /admin/: solr.admin.AdminHandlers
INFO  - 2016-06-09 15:23:09.968; org.apache.solr.core.RequestHandlers; created /admin/ping: solr.PingRequestHandler
INFO  - 2016-06-09 15:23:09.968; org.apache.solr.core.RequestHandlers; created /debug/dump: solr.DumpRequestHandler
INFO  - 2016-06-09 15:23:09.978; org.apache.solr.core.RequestHandlers; created /replication: solr.ReplicationHandler
INFO  - 2016-06-09 15:23:09.978; org.apache.solr.core.RequestHandlers; adding lazy requestHandler: solr.SearchHandler
INFO  - 2016-06-09 15:23:09.978; org.apache.solr.core.RequestHandlers; created /spell: solr.SearchHandler
INFO  - 2016-06-09 15:23:09.978; org.apache.solr.core.RequestHandlers; adding lazy requestHandler: solr.SearchHandler
INFO  - 2016-06-09 15:23:09.978; org.apache.solr.core.RequestHandlers; created /tvrh: solr.SearchHandler
INFO  - 2016-06-09 15:23:09.988; org.apache.solr.core.RequestHandlers; adding lazy requestHandler: solr.SearchHandler
INFO  - 2016-06-09 15:23:09.988; org.apache.solr.core.RequestHandlers; created /terms: solr.SearchHandler
INFO  - 2016-06-09 15:23:09.988; org.apache.solr.core.RequestHandlers; adding lazy requestHandler: solr.SearchHandler
INFO  - 2016-06-09 15:23:09.988; org.apache.solr.core.RequestHandlers; created /elevate: solr.SearchHandler
INFO  - 2016-06-09 15:23:09.998; org.apache.solr.handler.loader.XMLLoader; xsltCacheLifetimeSeconds=60
INFO  - 2016-06-09 15:23:10.008; org.apache.solr.handler.loader.XMLLoader; xsltCacheLifetimeSeconds=60
INFO  - 2016-06-09 15:23:10.008; org.apache.solr.handler.loader.XMLLoader; xsltCacheLifetimeSeconds=60
INFO  - 2016-06-09 15:23:10.018; org.apache.solr.search.SolrIndexSearcher; Opening Searcher@45ba82e3 main
INFO  - 2016-06-09 15:23:10.038; org.apache.solr.update.CommitTracker; Hard AutoCommit: if uncommited for 15000ms; 
INFO  - 2016-06-09 15:23:10.038; org.apache.solr.update.CommitTracker; Soft AutoCommit: disabled
INFO  - 2016-06-09 15:23:10.038; org.apache.solr.handler.component.SpellCheckComponent; Initializing spell checkers
INFO  - 2016-06-09 15:23:10.038; org.apache.solr.spelling.DirectSolrSpellChecker; init: {name=default,field=text,classname=solr.DirectSolrSpellChecker,distanceMeasure=internal,accuracy=0.5,maxEdits=2,minPrefix=1,maxInspections=5,minQueryLength=4,maxQueryFrequency=0.01}
INFO  - 2016-06-09 15:23:10.048; org.apache.solr.handler.component.SpellCheckComponent; No queryConverter defined, using default converter
INFO  - 2016-06-09 15:23:10.048; org.apache.solr.handler.component.QueryElevationComponent; Loading QueryElevation from: C:\Users\BaezGMa\Downloads\solr-4.4.0 (1)\solr-4.4.0\example\solr\collection1\conf\elevate.xml
INFO  - 2016-06-09 15:23:10.108; org.apache.solr.handler.ReplicationHandler; Commits will be reserved for  10000
INFO  - 2016-06-09 15:23:10.108; org.apache.solr.core.QuerySenderListener; QuerySenderListener sending requests to Searcher@45ba82e3 main{StandardDirectoryReader(segments_1:1)}
INFO  - 2016-06-09 15:23:10.108; org.apache.solr.core.CoreContainer; registering core: collection1
INFO  - 2016-06-09 15:23:10.108; org.apache.solr.servlet.SolrDispatchFilter; user.dir=C:\Users\BaezGMa\Downloads\solr-4.4.0 (1)\solr-4.4.0\example
INFO  - 2016-06-09 15:23:10.108; org.apache.solr.servlet.SolrDispatchFilter; SolrDispatchFilter.init() done
INFO  - 2016-06-09 15:23:10.148; org.apache.solr.core.SolrCore; [collection1] webapp=null path=null params={q=static+firstSearcher+warming+in+solrconfig.xml&distrib=false&event=firstSearcher} hits=0 status=0 QTime=40 
INFO  - 2016-06-09 15:23:10.148; org.apache.solr.core.QuerySenderListener; QuerySenderListener done.
INFO  - 2016-06-09 15:23:10.148; org.apache.solr.handler.component.SpellCheckComponent$SpellCheckerListener; Loading spell index for spellchecker: default
INFO  - 2016-06-09 15:23:10.158; org.apache.solr.handler.component.SpellCheckComponent$SpellCheckerListener; Loading spell index for spellchecker: wordbreak
INFO  - 2016-06-09 15:23:10.158; org.eclipse.jetty.server.AbstractConnector; Started SocketConnector@0.0.0.0:8983
INFO  - 2016-06-09 15:23:10.158; org.apache.solr.core.SolrCore; [collection1] Registered new searcher Searcher@45ba82e3 main{StandardDirectoryReader(segments_1:1)}
INFO  - 2016-06-09 15:53:49.188; org.eclipse.jetty.server.Server; Graceful shutdown SocketConnector@0.0.0.0:8983
INFO  - 2016-06-09 15:53:49.231; org.eclipse.jetty.server.Server; Graceful shutdown o.e.j.w.WebAppContext{/solr,file:/C:/Users/BaezGMa/Downloads/solr-4.4.0%20(1)/solr-4.4.0/example/solr-webapp/webapp/},C:\Users\BaezGMa\Downloads\solr-4.4.0 (1)\solr-4.4.0\example/webapps/solr.war
INFO  - 2016-06-09 15:53:50.256; org.apache.solr.core.CoreContainer; Shutting down CoreContainer instance=504858437
INFO  - 2016-06-09 15:53:50.262; org.apache.solr.core.SolrCore; [collection1]  CLOSING SolrCore org.apache.solr.core.SolrCore@62f42e49
INFO  - 2016-06-09 15:53:50.267; org.apache.solr.update.DirectUpdateHandler2; closing DirectUpdateHandler2{commits=0,autocommit maxTime=15000ms,autocommits=0,soft autocommits=0,optimizes=0,rollbacks=0,expungeDeletes=0,docsPending=0,adds=0,deletesById=0,deletesByQuery=0,errors=0,cumulative_adds=0,cumulative_deletesById=0,cumulative_deletesByQuery=0,cumulative_errors=0}
INFO  - 2016-06-09 15:53:50.269; org.apache.solr.update.SolrCoreState; Closing SolrCoreState
INFO  - 2016-06-09 15:53:50.271; org.apache.solr.update.DefaultSolrCoreState; SolrCoreState ref count has reached 0 - closing IndexWriter
INFO  - 2016-06-09 15:53:50.272; org.apache.solr.update.DefaultSolrCoreState; closing IndexWriter with IndexWriterCloser
INFO  - 2016-06-09 15:53:50.276; org.apache.solr.core.SolrCore; [collection1] Closing main searcher on request.
INFO  - 2016-06-09 15:53:50.279; org.apache.solr.core.CachingDirectoryFactory; Closing NRTCachingDirectoryFactory - 2 directories currently being tracked
INFO  - 2016-06-09 15:53:50.282; org.apache.solr.core.CachingDirectoryFactory; looking to close C:\Users\BaezGMa\Downloads\solr-4.4.0 (1)\solr-4.4.0\example\solr\collection1\data\index [CachedDir<<refCount=0;path=C:\Users\BaezGMa\Downloads\solr-4.4.0 (1)\solr-4.4.0\example\solr\collection1\data\index;done=false>>]
INFO  - 2016-06-09 15:53:50.283; org.apache.solr.core.CachingDirectoryFactory; Closing directory: C:\Users\BaezGMa\Downloads\solr-4.4.0 (1)\solr-4.4.0\example\solr\collection1\data\index
INFO  - 2016-06-09 15:53:50.288; org.apache.solr.core.CachingDirectoryFactory; looking to close C:\Users\BaezGMa\Downloads\solr-4.4.0 (1)\solr-4.4.0\example\solr\collection1\data [CachedDir<<refCount=0;path=C:\Users\BaezGMa\Downloads\solr-4.4.0 (1)\solr-4.4.0\example\solr\collection1\data;done=false>>]
INFO  - 2016-06-09 15:53:50.295; org.apache.solr.core.CachingDirectoryFactory; Closing directory: C:\Users\BaezGMa\Downloads\solr-4.4.0 (1)\solr-4.4.0\example\solr\collection1\data
INFO  - 2016-06-09 15:53:50.300; org.eclipse.jetty.server.handler.ContextHandler; stopped o.e.j.w.WebAppContext{/solr,file:/C:/Users/BaezGMa/Downloads/solr-4.4.0%20(1)/solr-4.4.0/example/solr-webapp/webapp/},C:\Users\BaezGMa\Downloads\solr-4.4.0 (1)\solr-4.4.0\example/webapps/solr.war
INFO  - 2016-06-09 15:53:56.317; org.eclipse.jetty.server.Server; jetty-8.1.10.v20130312
INFO  - 2016-06-09 15:53:56.344; org.eclipse.jetty.deploy.providers.ScanningAppProvider; Deployment monitor C:\Users\BaezGMa\Downloads\solr-4.4.0 (1)\solr-4.4.0\example\contexts at interval 0
INFO  - 2016-06-09 15:53:56.354; org.eclipse.jetty.deploy.DeploymentManager; Deployable added: C:\Users\BaezGMa\Downloads\solr-4.4.0 (1)\solr-4.4.0\example\contexts\solr-jetty-context.xml
INFO  - 2016-06-09 15:53:58.121; org.eclipse.jetty.webapp.StandardDescriptorProcessor; NO JSP Support for /solr, did not find org.apache.jasper.servlet.JspServlet
INFO  - 2016-06-09 15:53:58.164; org.apache.solr.servlet.SolrDispatchFilter; SolrDispatchFilter.init()
INFO  - 2016-06-09 15:53:58.183; org.apache.solr.core.SolrResourceLoader; JNDI not configured for solr (NoInitialContextEx)
INFO  - 2016-06-09 15:53:58.184; org.apache.solr.core.SolrResourceLoader; solr home defaulted to 'solr/' (could not find system property or JNDI)
INFO  - 2016-06-09 15:53:58.185; org.apache.solr.core.SolrResourceLoader; new SolrResourceLoader for directory: 'solr/'
INFO  - 2016-06-09 15:53:58.187; org.apache.solr.core.SolrResourceLoader; Adding 'file:/C:/Users/BaezGMa/Downloads/solr-4.4.0%20(1)/solr-4.4.0/example/solr/lib/mysql-connector-java-5.1.39-bin.jar' to classloader
INFO  - 2016-06-09 15:53:58.188; org.apache.solr.core.SolrResourceLoader; Adding 'file:/C:/Users/BaezGMa/Downloads/solr-4.4.0%20(1)/solr-4.4.0/example/solr/lib/solr-dataimporthandler-4.4.0.jar' to classloader
INFO  - 2016-06-09 15:53:58.189; org.apache.solr.core.SolrResourceLoader; Adding 'file:/C:/Users/BaezGMa/Downloads/solr-4.4.0%20(1)/solr-4.4.0/example/solr/lib/solr-dataimporthandler-extras-4.4.0.jar' to classloader
INFO  - 2016-06-09 15:53:58.341; org.apache.solr.core.ConfigSolr; Loading container configuration from C:\Users\BaezGMa\Downloads\solr-4.4.0 (1)\solr-4.4.0\example\solr\solr.xml
INFO  - 2016-06-09 15:53:58.418; org.apache.solr.core.SolrCoreDiscoverer; Looking for cores in C:\Users\BaezGMa\Downloads\solr-4.4.0 (1)\solr-4.4.0\example\solr
INFO  - 2016-06-09 15:53:58.422; org.apache.solr.core.SolrCoreDiscoverer; Looking for cores in C:\Users\BaezGMa\Downloads\solr-4.4.0 (1)\solr-4.4.0\example\solr\bin
INFO  - 2016-06-09 15:53:58.424; org.apache.solr.core.SolrCoreDiscoverer; Discovered properties file C:\Users\BaezGMa\Downloads\solr-4.4.0 (1)\solr-4.4.0\example\solr\collection1\core.properties, adding to cores
INFO  - 2016-06-09 15:53:58.438; org.apache.solr.core.SolrCoreDiscoverer; Looking for cores in C:\Users\BaezGMa\Downloads\solr-4.4.0 (1)\solr-4.4.0\example\solr\lib
INFO  - 2016-06-09 15:53:58.447; org.apache.solr.core.CoreContainer; New CoreContainer 1753127384
INFO  - 2016-06-09 15:53:58.449; org.apache.solr.core.CoreContainer; Loading cores into CoreContainer [instanceDir=solr/]
INFO  - 2016-06-09 15:53:58.466; org.apache.solr.handler.component.HttpShardHandlerFactory; Setting socketTimeout to: 0
INFO  - 2016-06-09 15:53:58.467; org.apache.solr.handler.component.HttpShardHandlerFactory; Setting urlScheme to: http://
INFO  - 2016-06-09 15:53:58.467; org.apache.solr.handler.component.HttpShardHandlerFactory; Setting connTimeout to: 0
INFO  - 2016-06-09 15:53:58.468; org.apache.solr.handler.component.HttpShardHandlerFactory; Setting maxConnectionsPerHost to: 20
INFO  - 2016-06-09 15:53:58.468; org.apache.solr.handler.component.HttpShardHandlerFactory; Setting corePoolSize to: 0
INFO  - 2016-06-09 15:53:58.468; org.apache.solr.handler.component.HttpShardHandlerFactory; Setting maximumPoolSize to: 2147483647
INFO  - 2016-06-09 15:53:58.469; org.apache.solr.handler.component.HttpShardHandlerFactory; Setting maxThreadIdleTime to: 5
INFO  - 2016-06-09 15:53:58.469; org.apache.solr.handler.component.HttpShardHandlerFactory; Setting sizeOfQueue to: -1
INFO  - 2016-06-09 15:53:58.470; org.apache.solr.handler.component.HttpShardHandlerFactory; Setting fairnessPolicy to: false
INFO  - 2016-06-09 15:53:58.477; org.apache.solr.client.solrj.impl.HttpClientUtil; Creating new http client, config:maxConnectionsPerHost=20&maxConnections=10000&socketTimeout=0&connTimeout=0&retry=false
INFO  - 2016-06-09 15:53:58.750; org.apache.solr.logging.LogWatcher; Registering Log Listener [Log4j (org.slf4j.impl.Log4jLoggerFactory)]
INFO  - 2016-06-09 15:53:58.764; org.apache.solr.core.CoreContainer; Creating SolrCore 'collection1' using instanceDir: C:\Users\BaezGMa\Downloads\solr-4.4.0 (1)\solr-4.4.0\example\solr\collection1
INFO  - 2016-06-09 15:53:58.765; org.apache.solr.core.SolrResourceLoader; new SolrResourceLoader for directory: 'C:\Users\BaezGMa\Downloads\solr-4.4.0 (1)\solr-4.4.0\example\solr\collection1\'
INFO  - 2016-06-09 15:53:58.829; org.apache.solr.core.SolrConfig; Adding specified lib dirs to ClassLoader
INFO  - 2016-06-09 15:53:58.831; org.apache.solr.core.SolrResourceLoader; Adding 'file:/C:/Users/BaezGMa/Downloads/solr-4.4.0%20(1)/solr-4.4.0/contrib/dataimporthandler/lib/activation-1.1.jar' to classloader
INFO  - 2016-06-09 15:53:58.831; org.apache.solr.core.SolrResourceLoader; Adding 'file:/C:/Users/BaezGMa/Downloads/solr-4.4.0%20(1)/solr-4.4.0/contrib/dataimporthandler/lib/mail-1.4.1.jar' to classloader
INFO  - 2016-06-09 15:53:58.833; org.apache.solr.core.SolrResourceLoader; Adding 'file:/C:/Users/BaezGMa/Downloads/solr-4.4.0%20(1)/solr-4.4.0/dist/solr-dataimporthandler-4.4.0.jar' to classloader
INFO  - 2016-06-09 15:53:58.834; org.apache.solr.core.SolrResourceLoader; Adding 'file:/C:/Users/BaezGMa/Downloads/solr-4.4.0%20(1)/solr-4.4.0/dist/solr-dataimporthandler-extras-4.4.0.jar' to classloader
INFO  - 2016-06-09 15:53:58.837; org.apache.solr.core.SolrResourceLoader; Adding 'file:/C:/Users/BaezGMa/Downloads/solr-4.4.0%20(1)/solr-4.4.0/contrib/extraction/lib/apache-mime4j-core-0.7.2.jar' to classloader
INFO  - 2016-06-09 15:53:58.838; org.apache.solr.core.SolrResourceLoader; Adding 'file:/C:/Users/BaezGMa/Downloads/solr-4.4.0%20(1)/solr-4.4.0/contrib/extraction/lib/apache-mime4j-dom-0.7.2.jar' to classloader
INFO  - 2016-06-09 15:53:58.839; org.apache.solr.core.SolrResourceLoader; Adding 'file:/C:/Users/BaezGMa/Downloads/solr-4.4.0%20(1)/solr-4.4.0/contrib/extraction/lib/bcmail-jdk15-1.45.jar' to classloader
INFO  - 2016-06-09 15:53:58.839; org.apache.solr.core.SolrResourceLoader; Adding 'file:/C:/Users/BaezGMa/Downloads/solr-4.4.0%20(1)/solr-4.4.0/contrib/extraction/lib/bcprov-jdk15-1.45.jar' to classloader
INFO  - 2016-06-09 15:53:58.840; org.apache.solr.core.SolrResourceLoader; Adding 'file:/C:/Users/BaezGMa/Downloads/solr-4.4.0%20(1)/solr-4.4.0/contrib/extraction/lib/boilerpipe-1.1.0.jar' to classloader
INFO  - 2016-06-09 15:53:58.841; org.apache.solr.core.SolrResourceLoader; Adding 'file:/C:/Users/BaezGMa/Downloads/solr-4.4.0%20(1)/solr-4.4.0/contrib/extraction/lib/commons-compress-1.4.1.jar' to classloader
INFO  - 2016-06-09 15:53:58.842; org.apache.solr.core.SolrResourceLoader; Adding 'file:/C:/Users/BaezGMa/Downloads/solr-4.4.0%20(1)/solr-4.4.0/contrib/extraction/lib/dom4j-1.6.1.jar' to classloader
INFO  - 2016-06-09 15:53:58.843; org.apache.solr.core.SolrResourceLoader; Adding 'file:/C:/Users/BaezGMa/Downloads/solr-4.4.0%20(1)/solr-4.4.0/contrib/extraction/lib/fontbox-1.8.1.jar' to classloader
INFO  - 2016-06-09 15:53:58.843; org.apache.solr.core.SolrResourceLoader; Adding 'file:/C:/Users/BaezGMa/Downloads/solr-4.4.0%20(1)/solr-4.4.0/contrib/extraction/lib/icu4j-49.1.jar' to classloader
INFO  - 2016-06-09 15:53:58.844; org.apache.solr.core.SolrResourceLoader; Adding 'file:/C:/Users/BaezGMa/Downloads/solr-4.4.0%20(1)/solr-4.4.0/contrib/extraction/lib/isoparser-1.0-RC-1.jar' to classloader
INFO  - 2016-06-09 15:53:58.845; org.apache.solr.core.SolrResourceLoader; Adding 'file:/C:/Users/BaezGMa/Downloads/solr-4.4.0%20(1)/solr-4.4.0/contrib/extraction/lib/jdom-1.0.jar' to classloader
INFO  - 2016-06-09 15:53:58.845; org.apache.solr.core.SolrResourceLoader; Adding 'file:/C:/Users/BaezGMa/Downloads/solr-4.4.0%20(1)/solr-4.4.0/contrib/extraction/lib/jempbox-1.8.1.jar' to classloader
INFO  - 2016-06-09 15:53:58.846; org.apache.solr.core.SolrResourceLoader; Adding 'file:/C:/Users/BaezGMa/Downloads/solr-4.4.0%20(1)/solr-4.4.0/contrib/extraction/lib/juniversalchardet-1.0.3.jar' to classloader
INFO  - 2016-06-09 15:53:58.847; org.apache.solr.core.SolrResourceLoader; Adding 'file:/C:/Users/BaezGMa/Downloads/solr-4.4.0%20(1)/solr-4.4.0/contrib/extraction/lib/metadata-extractor-2.6.2.jar' to classloader
INFO  - 2016-06-09 15:53:58.848; org.apache.solr.core.SolrResourceLoader; Adding 'file:/C:/Users/BaezGMa/Downloads/solr-4.4.0%20(1)/solr-4.4.0/contrib/extraction/lib/netcdf-4.2-min.jar' to classloader
INFO  - 2016-06-09 15:53:58.848; org.apache.solr.core.SolrResourceLoader; Adding 'file:/C:/Users/BaezGMa/Downloads/solr-4.4.0%20(1)/solr-4.4.0/contrib/extraction/lib/pdfbox-1.8.1.jar' to classloader
INFO  - 2016-06-09 15:53:58.849; org.apache.solr.core.SolrResourceLoader; Adding 'file:/C:/Users/BaezGMa/Downloads/solr-4.4.0%20(1)/solr-4.4.0/contrib/extraction/lib/poi-3.9.jar' to classloader
INFO  - 2016-06-09 15:53:58.850; org.apache.solr.core.SolrResourceLoader; Adding 'file:/C:/Users/BaezGMa/Downloads/solr-4.4.0%20(1)/solr-4.4.0/contrib/extraction/lib/poi-ooxml-3.9.jar' to classloader
INFO  - 2016-06-09 15:53:58.851; org.apache.solr.core.SolrResourceLoader; Adding 'file:/C:/Users/BaezGMa/Downloads/solr-4.4.0%20(1)/solr-4.4.0/contrib/extraction/lib/poi-ooxml-schemas-3.9.jar' to classloader
INFO  - 2016-06-09 15:53:58.852; org.apache.solr.core.SolrResourceLoader; Adding 'file:/C:/Users/BaezGMa/Downloads/solr-4.4.0%20(1)/solr-4.4.0/contrib/extraction/lib/poi-scratchpad-3.9.jar' to classloader
INFO  - 2016-06-09 15:53:58.852; org.apache.solr.core.SolrResourceLoader; Adding 'file:/C:/Users/BaezGMa/Downloads/solr-4.4.0%20(1)/solr-4.4.0/contrib/extraction/lib/rome-0.9.jar' to classloader
INFO  - 2016-06-09 15:53:58.853; org.apache.solr.core.SolrResourceLoader; Adding 'file:/C:/Users/BaezGMa/Downloads/solr-4.4.0%20(1)/solr-4.4.0/contrib/extraction/lib/tagsoup-1.2.1.jar' to classloader
INFO  - 2016-06-09 15:53:58.854; org.apache.solr.core.SolrResourceLoader; Adding 'file:/C:/Users/BaezGMa/Downloads/solr-4.4.0%20(1)/solr-4.4.0/contrib/extraction/lib/tika-core-1.4.jar' to classloader
INFO  - 2016-06-09 15:53:58.855; org.apache.solr.core.SolrResourceLoader; Adding 'file:/C:/Users/BaezGMa/Downloads/solr-4.4.0%20(1)/solr-4.4.0/contrib/extraction/lib/tika-parsers-1.4.jar' to classloader
INFO  - 2016-06-09 15:53:58.855; org.apache.solr.core.SolrResourceLoader; Adding 'file:/C:/Users/BaezGMa/Downloads/solr-4.4.0%20(1)/solr-4.4.0/contrib/extraction/lib/vorbis-java-core-0.1.jar' to classloader
INFO  - 2016-06-09 15:53:58.856; org.apache.solr.core.SolrResourceLoader; Adding 'file:/C:/Users/BaezGMa/Downloads/solr-4.4.0%20(1)/solr-4.4.0/contrib/extraction/lib/vorbis-java-tika-0.1.jar' to classloader
INFO  - 2016-06-09 15:53:58.857; org.apache.solr.core.SolrResourceLoader; Adding 'file:/C:/Users/BaezGMa/Downloads/solr-4.4.0%20(1)/solr-4.4.0/contrib/extraction/lib/xercesImpl-2.9.1.jar' to classloader
INFO  - 2016-06-09 15:53:58.857; org.apache.solr.core.SolrResourceLoader; Adding 'file:/C:/Users/BaezGMa/Downloads/solr-4.4.0%20(1)/solr-4.4.0/contrib/extraction/lib/xmlbeans-2.3.0.jar' to classloader
INFO  - 2016-06-09 15:53:58.858; org.apache.solr.core.SolrResourceLoader; Adding 'file:/C:/Users/BaezGMa/Downloads/solr-4.4.0%20(1)/solr-4.4.0/contrib/extraction/lib/xz-1.0.jar' to classloader
INFO  - 2016-06-09 15:53:58.860; org.apache.solr.core.SolrResourceLoader; Adding 'file:/C:/Users/BaezGMa/Downloads/solr-4.4.0%20(1)/solr-4.4.0/dist/solr-cell-4.4.0.jar' to classloader
INFO  - 2016-06-09 15:53:58.861; org.apache.solr.core.SolrResourceLoader; Adding 'file:/C:/Users/BaezGMa/Downloads/solr-4.4.0%20(1)/solr-4.4.0/contrib/clustering/lib/attributes-binder-1.0.1.jar' to classloader
INFO  - 2016-06-09 15:53:58.862; org.apache.solr.core.SolrResourceLoader; Adding 'file:/C:/Users/BaezGMa/Downloads/solr-4.4.0%20(1)/solr-4.4.0/contrib/clustering/lib/carrot2-mini-3.6.2.jar' to classloader
INFO  - 2016-06-09 15:53:58.862; org.apache.solr.core.SolrResourceLoader; Adding 'file:/C:/Users/BaezGMa/Downloads/solr-4.4.0%20(1)/solr-4.4.0/contrib/clustering/lib/hppc-0.4.1.jar' to classloader
INFO  - 2016-06-09 15:53:58.863; org.apache.solr.core.SolrResourceLoader; Adding 'file:/C:/Users/BaezGMa/Downloads/solr-4.4.0%20(1)/solr-4.4.0/contrib/clustering/lib/jackson-core-asl-1.7.4.jar' to classloader
INFO  - 2016-06-09 15:53:58.864; org.apache.solr.core.SolrResourceLoader; Adding 'file:/C:/Users/BaezGMa/Downloads/solr-4.4.0%20(1)/solr-4.4.0/contrib/clustering/lib/jackson-mapper-asl-1.7.4.jar' to classloader
INFO  - 2016-06-09 15:53:58.864; org.apache.solr.core.SolrResourceLoader; Adding 'file:/C:/Users/BaezGMa/Downloads/solr-4.4.0%20(1)/solr-4.4.0/contrib/clustering/lib/mahout-collections-1.0.jar' to classloader
INFO  - 2016-06-09 15:53:58.865; org.apache.solr.core.SolrResourceLoader; Adding 'file:/C:/Users/BaezGMa/Downloads/solr-4.4.0%20(1)/solr-4.4.0/contrib/clustering/lib/mahout-math-0.6.jar' to classloader
INFO  - 2016-06-09 15:53:58.865; org.apache.solr.core.SolrResourceLoader; Adding 'file:/C:/Users/BaezGMa/Downloads/solr-4.4.0%20(1)/solr-4.4.0/contrib/clustering/lib/simple-xml-2.6.4.jar' to classloader
INFO  - 2016-06-09 15:53:58.867; org.apache.solr.core.SolrResourceLoader; Adding 'file:/C:/Users/BaezGMa/Downloads/solr-4.4.0%20(1)/solr-4.4.0/dist/solr-clustering-4.4.0.jar' to classloader
INFO  - 2016-06-09 15:53:58.868; org.apache.solr.core.SolrResourceLoader; Adding 'file:/C:/Users/BaezGMa/Downloads/solr-4.4.0%20(1)/solr-4.4.0/contrib/langid/lib/jsonic-1.2.7.jar' to classloader
INFO  - 2016-06-09 15:53:58.869; org.apache.solr.core.SolrResourceLoader; Adding 'file:/C:/Users/BaezGMa/Downloads/solr-4.4.0%20(1)/solr-4.4.0/contrib/langid/lib/langdetect-1.1-20120112.jar' to classloader
INFO  - 2016-06-09 15:53:58.871; org.apache.solr.core.SolrResourceLoader; Adding 'file:/C:/Users/BaezGMa/Downloads/solr-4.4.0%20(1)/solr-4.4.0/dist/solr-langid-4.4.0.jar' to classloader
INFO  - 2016-06-09 15:53:58.873; org.apache.solr.core.SolrResourceLoader; Adding 'file:/C:/Users/BaezGMa/Downloads/solr-4.4.0%20(1)/solr-4.4.0/contrib/velocity/lib/commons-beanutils-1.7.0.jar' to classloader
INFO  - 2016-06-09 15:53:58.873; org.apache.solr.core.SolrResourceLoader; Adding 'file:/C:/Users/BaezGMa/Downloads/solr-4.4.0%20(1)/solr-4.4.0/contrib/velocity/lib/commons-collections-3.2.1.jar' to classloader
INFO  - 2016-06-09 15:53:58.874; org.apache.solr.core.SolrResourceLoader; Adding 'file:/C:/Users/BaezGMa/Downloads/solr-4.4.0%20(1)/solr-4.4.0/contrib/velocity/lib/velocity-1.7.jar' to classloader
INFO  - 2016-06-09 15:53:58.874; org.apache.solr.core.SolrResourceLoader; Adding 'file:/C:/Users/BaezGMa/Downloads/solr-4.4.0%20(1)/solr-4.4.0/contrib/velocity/lib/velocity-tools-2.0.jar' to classloader
INFO  - 2016-06-09 15:53:58.876; org.apache.solr.core.SolrResourceLoader; Adding 'file:/C:/Users/BaezGMa/Downloads/solr-4.4.0%20(1)/solr-4.4.0/dist/solr-velocity-4.4.0.jar' to classloader
INFO  - 2016-06-09 15:53:59.023; org.apache.solr.update.SolrIndexConfig; IndexWriter infoStream solr logging is enabled
INFO  - 2016-06-09 15:53:59.029; org.apache.solr.core.SolrConfig; Using Lucene MatchVersion: LUCENE_44
INFO  - 2016-06-09 15:53:59.146; org.apache.solr.core.SolrConfig; Loaded SolrConfig: solrconfig.xml
INFO  - 2016-06-09 15:53:59.156; org.apache.solr.schema.IndexSchema; Reading Solr Schema from schema.xml
INFO  - 2016-06-09 15:53:59.214; org.apache.solr.schema.IndexSchema; [collection1] Schema name=example
ERROR - 2016-06-09 15:53:59.590; org.apache.solr.core.CoreContainer; Unable to create core: collection1
org.apache.solr.common.SolrException: [schema.xml] Duplicate field definition for 'title' [[[title{type=string,properties=indexed,stored,omitNorms,omitTermFreqAndPositions,sortMissingLast}]]] and [[[title{type=text_general,properties=indexed,tokenized,stored,multiValued}]]]
	at org.apache.solr.schema.IndexSchema.loadFields(IndexSchema.java:660)
	at org.apache.solr.schema.IndexSchema.readSchema(IndexSchema.java:470)
	at org.apache.solr.schema.IndexSchema.<init>(IndexSchema.java:164)
	at org.apache.solr.schema.IndexSchemaFactory.create(IndexSchemaFactory.java:55)
	at org.apache.solr.schema.IndexSchemaFactory.buildIndexSchema(IndexSchemaFactory.java:69)
	at org.apache.solr.core.CoreContainer.createFromLocal(CoreContainer.java:619)
	at org.apache.solr.core.CoreContainer.create(CoreContainer.java:657)
	at org.apache.solr.core.CoreContainer$1.call(CoreContainer.java:364)
	at org.apache.solr.core.CoreContainer$1.call(CoreContainer.java:356)
	at java.util.concurrent.FutureTask.run(Unknown Source)
	at java.util.concurrent.Executors$RunnableAdapter.call(Unknown Source)
	at java.util.concurrent.FutureTask.run(Unknown Source)
	at java.util.concurrent.ThreadPoolExecutor.runWorker(Unknown Source)
	at java.util.concurrent.ThreadPoolExecutor$Worker.run(Unknown Source)
	at java.lang.Thread.run(Unknown Source)
ERROR - 2016-06-09 15:53:59.621; org.apache.solr.common.SolrException; null:org.apache.solr.common.SolrException: Unable to create core: collection1
	at org.apache.solr.core.CoreContainer.recordAndThrow(CoreContainer.java:1150)
	at org.apache.solr.core.CoreContainer.create(CoreContainer.java:666)
	at org.apache.solr.core.CoreContainer$1.call(CoreContainer.java:364)
	at org.apache.solr.core.CoreContainer$1.call(CoreContainer.java:356)
	at java.util.concurrent.FutureTask.run(Unknown Source)
	at java.util.concurrent.Executors$RunnableAdapter.call(Unknown Source)
	at java.util.concurrent.FutureTask.run(Unknown Source)
	at java.util.concurrent.ThreadPoolExecutor.runWorker(Unknown Source)
	at java.util.concurrent.ThreadPoolExecutor$Worker.run(Unknown Source)
	at java.lang.Thread.run(Unknown Source)
Caused by: org.apache.solr.common.SolrException: [schema.xml] Duplicate field definition for 'title' [[[title{type=string,properties=indexed,stored,omitNorms,omitTermFreqAndPositions,sortMissingLast}]]] and [[[title{type=text_general,properties=indexed,tokenized,stored,multiValued}]]]
	at org.apache.solr.schema.IndexSchema.loadFields(IndexSchema.java:660)
	at org.apache.solr.schema.IndexSchema.readSchema(IndexSchema.java:470)
	at org.apache.solr.schema.IndexSchema.<init>(IndexSchema.java:164)
	at org.apache.solr.schema.IndexSchemaFactory.create(IndexSchemaFactory.java:55)
	at org.apache.solr.schema.IndexSchemaFactory.buildIndexSchema(IndexSchemaFactory.java:69)
	at org.apache.solr.core.CoreContainer.createFromLocal(CoreContainer.java:619)
	at org.apache.solr.core.CoreContainer.create(CoreContainer.java:657)
	... 8 more

INFO  - 2016-06-09 15:53:59.624; org.apache.solr.servlet.SolrDispatchFilter; user.dir=C:\Users\BaezGMa\Downloads\solr-4.4.0 (1)\solr-4.4.0\example
INFO  - 2016-06-09 15:53:59.625; org.apache.solr.servlet.SolrDispatchFilter; SolrDispatchFilter.init() done
INFO  - 2016-06-09 15:53:59.657; org.eclipse.jetty.server.AbstractConnector; Started SocketConnector@0.0.0.0:8983
INFO  - 2016-06-09 15:55:41.853; org.eclipse.jetty.server.Server; Graceful shutdown SocketConnector@0.0.0.0:8983
INFO  - 2016-06-09 15:55:41.887; org.eclipse.jetty.server.Server; Graceful shutdown o.e.j.w.WebAppContext{/solr,file:/C:/Users/BaezGMa/Downloads/solr-4.4.0%20(1)/solr-4.4.0/example/solr-webapp/webapp/},C:\Users\BaezGMa\Downloads\solr-4.4.0 (1)\solr-4.4.0\example/webapps/solr.war
INFO  - 2016-06-09 15:55:42.890; org.apache.solr.core.CoreContainer; Shutting down CoreContainer instance=1753127384
INFO  - 2016-06-09 15:55:42.902; org.eclipse.jetty.server.handler.ContextHandler; stopped o.e.j.w.WebAppContext{/solr,file:/C:/Users/BaezGMa/Downloads/solr-4.4.0%20(1)/solr-4.4.0/example/solr-webapp/webapp/},C:\Users\BaezGMa\Downloads\solr-4.4.0 (1)\solr-4.4.0\example/webapps/solr.war
INFO  - 2016-06-09 15:55:46.475; org.eclipse.jetty.server.Server; jetty-8.1.10.v20130312
INFO  - 2016-06-09 15:55:46.508; org.eclipse.jetty.deploy.providers.ScanningAppProvider; Deployment monitor C:\Users\BaezGMa\Downloads\solr-4.4.0 (1)\solr-4.4.0\example\contexts at interval 0
INFO  - 2016-06-09 15:55:46.519; org.eclipse.jetty.deploy.DeploymentManager; Deployable added: C:\Users\BaezGMa\Downloads\solr-4.4.0 (1)\solr-4.4.0\example\contexts\solr-jetty-context.xml
INFO  - 2016-06-09 15:55:48.070; org.eclipse.jetty.webapp.StandardDescriptorProcessor; NO JSP Support for /solr, did not find org.apache.jasper.servlet.JspServlet
INFO  - 2016-06-09 15:55:48.108; org.apache.solr.servlet.SolrDispatchFilter; SolrDispatchFilter.init()
INFO  - 2016-06-09 15:55:48.127; org.apache.solr.core.SolrResourceLoader; JNDI not configured for solr (NoInitialContextEx)
INFO  - 2016-06-09 15:55:48.128; org.apache.solr.core.SolrResourceLoader; solr home defaulted to 'solr/' (could not find system property or JNDI)
INFO  - 2016-06-09 15:55:48.129; org.apache.solr.core.SolrResourceLoader; new SolrResourceLoader for directory: 'solr/'
INFO  - 2016-06-09 15:55:48.132; org.apache.solr.core.SolrResourceLoader; Adding 'file:/C:/Users/BaezGMa/Downloads/solr-4.4.0%20(1)/solr-4.4.0/example/solr/lib/mysql-connector-java-5.1.39-bin.jar' to classloader
INFO  - 2016-06-09 15:55:48.133; org.apache.solr.core.SolrResourceLoader; Adding 'file:/C:/Users/BaezGMa/Downloads/solr-4.4.0%20(1)/solr-4.4.0/example/solr/lib/solr-dataimporthandler-4.4.0.jar' to classloader
INFO  - 2016-06-09 15:55:48.133; org.apache.solr.core.SolrResourceLoader; Adding 'file:/C:/Users/BaezGMa/Downloads/solr-4.4.0%20(1)/solr-4.4.0/example/solr/lib/solr-dataimporthandler-extras-4.4.0.jar' to classloader
INFO  - 2016-06-09 15:55:48.296; org.apache.solr.core.ConfigSolr; Loading container configuration from C:\Users\BaezGMa\Downloads\solr-4.4.0 (1)\solr-4.4.0\example\solr\solr.xml
INFO  - 2016-06-09 15:55:48.398; org.apache.solr.core.SolrCoreDiscoverer; Looking for cores in C:\Users\BaezGMa\Downloads\solr-4.4.0 (1)\solr-4.4.0\example\solr
INFO  - 2016-06-09 15:55:48.401; org.apache.solr.core.SolrCoreDiscoverer; Looking for cores in C:\Users\BaezGMa\Downloads\solr-4.4.0 (1)\solr-4.4.0\example\solr\bin
INFO  - 2016-06-09 15:55:48.403; org.apache.solr.core.SolrCoreDiscoverer; Discovered properties file C:\Users\BaezGMa\Downloads\solr-4.4.0 (1)\solr-4.4.0\example\solr\collection1\core.properties, adding to cores
INFO  - 2016-06-09 15:55:48.421; org.apache.solr.core.SolrCoreDiscoverer; Looking for cores in C:\Users\BaezGMa\Downloads\solr-4.4.0 (1)\solr-4.4.0\example\solr\lib
INFO  - 2016-06-09 15:55:48.434; org.apache.solr.core.CoreContainer; New CoreContainer 1753127384
INFO  - 2016-06-09 15:55:48.436; org.apache.solr.core.CoreContainer; Loading cores into CoreContainer [instanceDir=solr/]
INFO  - 2016-06-09 15:55:48.458; org.apache.solr.handler.component.HttpShardHandlerFactory; Setting socketTimeout to: 0
INFO  - 2016-06-09 15:55:48.459; org.apache.solr.handler.component.HttpShardHandlerFactory; Setting urlScheme to: http://
INFO  - 2016-06-09 15:55:48.460; org.apache.solr.handler.component.HttpShardHandlerFactory; Setting connTimeout to: 0
INFO  - 2016-06-09 15:55:48.461; org.apache.solr.handler.component.HttpShardHandlerFactory; Setting maxConnectionsPerHost to: 20
INFO  - 2016-06-09 15:55:48.463; org.apache.solr.handler.component.HttpShardHandlerFactory; Setting corePoolSize to: 0
INFO  - 2016-06-09 15:55:48.464; org.apache.solr.handler.component.HttpShardHandlerFactory; Setting maximumPoolSize to: 2147483647
INFO  - 2016-06-09 15:55:48.465; org.apache.solr.handler.component.HttpShardHandlerFactory; Setting maxThreadIdleTime to: 5
INFO  - 2016-06-09 15:55:48.465; org.apache.solr.handler.component.HttpShardHandlerFactory; Setting sizeOfQueue to: -1
INFO  - 2016-06-09 15:55:48.466; org.apache.solr.handler.component.HttpShardHandlerFactory; Setting fairnessPolicy to: false
INFO  - 2016-06-09 15:55:48.476; org.apache.solr.client.solrj.impl.HttpClientUtil; Creating new http client, config:maxConnectionsPerHost=20&maxConnections=10000&socketTimeout=0&connTimeout=0&retry=false
INFO  - 2016-06-09 15:55:48.809; org.apache.solr.logging.LogWatcher; Registering Log Listener [Log4j (org.slf4j.impl.Log4jLoggerFactory)]
INFO  - 2016-06-09 15:55:48.824; org.apache.solr.core.CoreContainer; Creating SolrCore 'collection1' using instanceDir: C:\Users\BaezGMa\Downloads\solr-4.4.0 (1)\solr-4.4.0\example\solr\collection1
INFO  - 2016-06-09 15:55:48.826; org.apache.solr.core.SolrResourceLoader; new SolrResourceLoader for directory: 'C:\Users\BaezGMa\Downloads\solr-4.4.0 (1)\solr-4.4.0\example\solr\collection1\'
INFO  - 2016-06-09 15:55:48.893; org.apache.solr.core.SolrConfig; Adding specified lib dirs to ClassLoader
INFO  - 2016-06-09 15:55:48.896; org.apache.solr.core.SolrResourceLoader; Adding 'file:/C:/Users/BaezGMa/Downloads/solr-4.4.0%20(1)/solr-4.4.0/contrib/dataimporthandler/lib/activation-1.1.jar' to classloader
INFO  - 2016-06-09 15:55:48.897; org.apache.solr.core.SolrResourceLoader; Adding 'file:/C:/Users/BaezGMa/Downloads/solr-4.4.0%20(1)/solr-4.4.0/contrib/dataimporthandler/lib/mail-1.4.1.jar' to classloader
INFO  - 2016-06-09 15:55:48.898; org.apache.solr.core.SolrResourceLoader; Adding 'file:/C:/Users/BaezGMa/Downloads/solr-4.4.0%20(1)/solr-4.4.0/dist/solr-dataimporthandler-4.4.0.jar' to classloader
INFO  - 2016-06-09 15:55:48.899; org.apache.solr.core.SolrResourceLoader; Adding 'file:/C:/Users/BaezGMa/Downloads/solr-4.4.0%20(1)/solr-4.4.0/dist/solr-dataimporthandler-extras-4.4.0.jar' to classloader
INFO  - 2016-06-09 15:55:48.901; org.apache.solr.core.SolrResourceLoader; Adding 'file:/C:/Users/BaezGMa/Downloads/solr-4.4.0%20(1)/solr-4.4.0/contrib/extraction/lib/apache-mime4j-core-0.7.2.jar' to classloader
INFO  - 2016-06-09 15:55:48.902; org.apache.solr.core.SolrResourceLoader; Adding 'file:/C:/Users/BaezGMa/Downloads/solr-4.4.0%20(1)/solr-4.4.0/contrib/extraction/lib/apache-mime4j-dom-0.7.2.jar' to classloader
INFO  - 2016-06-09 15:55:48.902; org.apache.solr.core.SolrResourceLoader; Adding 'file:/C:/Users/BaezGMa/Downloads/solr-4.4.0%20(1)/solr-4.4.0/contrib/extraction/lib/bcmail-jdk15-1.45.jar' to classloader
INFO  - 2016-06-09 15:55:48.903; org.apache.solr.core.SolrResourceLoader; Adding 'file:/C:/Users/BaezGMa/Downloads/solr-4.4.0%20(1)/solr-4.4.0/contrib/extraction/lib/bcprov-jdk15-1.45.jar' to classloader
INFO  - 2016-06-09 15:55:48.903; org.apache.solr.core.SolrResourceLoader; Adding 'file:/C:/Users/BaezGMa/Downloads/solr-4.4.0%20(1)/solr-4.4.0/contrib/extraction/lib/boilerpipe-1.1.0.jar' to classloader
INFO  - 2016-06-09 15:55:48.904; org.apache.solr.core.SolrResourceLoader; Adding 'file:/C:/Users/BaezGMa/Downloads/solr-4.4.0%20(1)/solr-4.4.0/contrib/extraction/lib/commons-compress-1.4.1.jar' to classloader
INFO  - 2016-06-09 15:55:48.905; org.apache.solr.core.SolrResourceLoader; Adding 'file:/C:/Users/BaezGMa/Downloads/solr-4.4.0%20(1)/solr-4.4.0/contrib/extraction/lib/dom4j-1.6.1.jar' to classloader
INFO  - 2016-06-09 15:55:48.906; org.apache.solr.core.SolrResourceLoader; Adding 'file:/C:/Users/BaezGMa/Downloads/solr-4.4.0%20(1)/solr-4.4.0/contrib/extraction/lib/fontbox-1.8.1.jar' to classloader
INFO  - 2016-06-09 15:55:48.906; org.apache.solr.core.SolrResourceLoader; Adding 'file:/C:/Users/BaezGMa/Downloads/solr-4.4.0%20(1)/solr-4.4.0/contrib/extraction/lib/icu4j-49.1.jar' to classloader
INFO  - 2016-06-09 15:55:48.907; org.apache.solr.core.SolrResourceLoader; Adding 'file:/C:/Users/BaezGMa/Downloads/solr-4.4.0%20(1)/solr-4.4.0/contrib/extraction/lib/isoparser-1.0-RC-1.jar' to classloader
INFO  - 2016-06-09 15:55:48.908; org.apache.solr.core.SolrResourceLoader; Adding 'file:/C:/Users/BaezGMa/Downloads/solr-4.4.0%20(1)/solr-4.4.0/contrib/extraction/lib/jdom-1.0.jar' to classloader
INFO  - 2016-06-09 15:55:48.909; org.apache.solr.core.SolrResourceLoader; Adding 'file:/C:/Users/BaezGMa/Downloads/solr-4.4.0%20(1)/solr-4.4.0/contrib/extraction/lib/jempbox-1.8.1.jar' to classloader
INFO  - 2016-06-09 15:55:48.909; org.apache.solr.core.SolrResourceLoader; Adding 'file:/C:/Users/BaezGMa/Downloads/solr-4.4.0%20(1)/solr-4.4.0/contrib/extraction/lib/juniversalchardet-1.0.3.jar' to classloader
INFO  - 2016-06-09 15:55:48.910; org.apache.solr.core.SolrResourceLoader; Adding 'file:/C:/Users/BaezGMa/Downloads/solr-4.4.0%20(1)/solr-4.4.0/contrib/extraction/lib/metadata-extractor-2.6.2.jar' to classloader
INFO  - 2016-06-09 15:55:48.911; org.apache.solr.core.SolrResourceLoader; Adding 'file:/C:/Users/BaezGMa/Downloads/solr-4.4.0%20(1)/solr-4.4.0/contrib/extraction/lib/netcdf-4.2-min.jar' to classloader
INFO  - 2016-06-09 15:55:48.913; org.apache.solr.core.SolrResourceLoader; Adding 'file:/C:/Users/BaezGMa/Downloads/solr-4.4.0%20(1)/solr-4.4.0/contrib/extraction/lib/pdfbox-1.8.1.jar' to classloader
INFO  - 2016-06-09 15:55:48.913; org.apache.solr.core.SolrResourceLoader; Adding 'file:/C:/Users/BaezGMa/Downloads/solr-4.4.0%20(1)/solr-4.4.0/contrib/extraction/lib/poi-3.9.jar' to classloader
INFO  - 2016-06-09 15:55:48.914; org.apache.solr.core.SolrResourceLoader; Adding 'file:/C:/Users/BaezGMa/Downloads/solr-4.4.0%20(1)/solr-4.4.0/contrib/extraction/lib/poi-ooxml-3.9.jar' to classloader
INFO  - 2016-06-09 15:55:48.915; org.apache.solr.core.SolrResourceLoader; Adding 'file:/C:/Users/BaezGMa/Downloads/solr-4.4.0%20(1)/solr-4.4.0/contrib/extraction/lib/poi-ooxml-schemas-3.9.jar' to classloader
INFO  - 2016-06-09 15:55:48.916; org.apache.solr.core.SolrResourceLoader; Adding 'file:/C:/Users/BaezGMa/Downloads/solr-4.4.0%20(1)/solr-4.4.0/contrib/extraction/lib/poi-scratchpad-3.9.jar' to classloader
INFO  - 2016-06-09 15:55:48.916; org.apache.solr.core.SolrResourceLoader; Adding 'file:/C:/Users/BaezGMa/Downloads/solr-4.4.0%20(1)/solr-4.4.0/contrib/extraction/lib/rome-0.9.jar' to classloader
INFO  - 2016-06-09 15:55:48.917; org.apache.solr.core.SolrResourceLoader; Adding 'file:/C:/Users/BaezGMa/Downloads/solr-4.4.0%20(1)/solr-4.4.0/contrib/extraction/lib/tagsoup-1.2.1.jar' to classloader
INFO  - 2016-06-09 15:55:48.917; org.apache.solr.core.SolrResourceLoader; Adding 'file:/C:/Users/BaezGMa/Downloads/solr-4.4.0%20(1)/solr-4.4.0/contrib/extraction/lib/tika-core-1.4.jar' to classloader
INFO  - 2016-06-09 15:55:48.918; org.apache.solr.core.SolrResourceLoader; Adding 'file:/C:/Users/BaezGMa/Downloads/solr-4.4.0%20(1)/solr-4.4.0/contrib/extraction/lib/tika-parsers-1.4.jar' to classloader
INFO  - 2016-06-09 15:55:48.919; org.apache.solr.core.SolrResourceLoader; Adding 'file:/C:/Users/BaezGMa/Downloads/solr-4.4.0%20(1)/solr-4.4.0/contrib/extraction/lib/vorbis-java-core-0.1.jar' to classloader
INFO  - 2016-06-09 15:55:48.919; org.apache.solr.core.SolrResourceLoader; Adding 'file:/C:/Users/BaezGMa/Downloads/solr-4.4.0%20(1)/solr-4.4.0/contrib/extraction/lib/vorbis-java-tika-0.1.jar' to classloader
INFO  - 2016-06-09 15:55:48.920; org.apache.solr.core.SolrResourceLoader; Adding 'file:/C:/Users/BaezGMa/Downloads/solr-4.4.0%20(1)/solr-4.4.0/contrib/extraction/lib/xercesImpl-2.9.1.jar' to classloader
INFO  - 2016-06-09 15:55:48.921; org.apache.solr.core.SolrResourceLoader; Adding 'file:/C:/Users/BaezGMa/Downloads/solr-4.4.0%20(1)/solr-4.4.0/contrib/extraction/lib/xmlbeans-2.3.0.jar' to classloader
INFO  - 2016-06-09 15:55:48.921; org.apache.solr.core.SolrResourceLoader; Adding 'file:/C:/Users/BaezGMa/Downloads/solr-4.4.0%20(1)/solr-4.4.0/contrib/extraction/lib/xz-1.0.jar' to classloader
INFO  - 2016-06-09 15:55:48.923; org.apache.solr.core.SolrResourceLoader; Adding 'file:/C:/Users/BaezGMa/Downloads/solr-4.4.0%20(1)/solr-4.4.0/dist/solr-cell-4.4.0.jar' to classloader
INFO  - 2016-06-09 15:55:48.924; org.apache.solr.core.SolrResourceLoader; Adding 'file:/C:/Users/BaezGMa/Downloads/solr-4.4.0%20(1)/solr-4.4.0/contrib/clustering/lib/attributes-binder-1.0.1.jar' to classloader
INFO  - 2016-06-09 15:55:48.925; org.apache.solr.core.SolrResourceLoader; Adding 'file:/C:/Users/BaezGMa/Downloads/solr-4.4.0%20(1)/solr-4.4.0/contrib/clustering/lib/carrot2-mini-3.6.2.jar' to classloader
INFO  - 2016-06-09 15:55:48.925; org.apache.solr.core.SolrResourceLoader; Adding 'file:/C:/Users/BaezGMa/Downloads/solr-4.4.0%20(1)/solr-4.4.0/contrib/clustering/lib/hppc-0.4.1.jar' to classloader
INFO  - 2016-06-09 15:55:48.926; org.apache.solr.core.SolrResourceLoader; Adding 'file:/C:/Users/BaezGMa/Downloads/solr-4.4.0%20(1)/solr-4.4.0/contrib/clustering/lib/jackson-core-asl-1.7.4.jar' to classloader
INFO  - 2016-06-09 15:55:48.926; org.apache.solr.core.SolrResourceLoader; Adding 'file:/C:/Users/BaezGMa/Downloads/solr-4.4.0%20(1)/solr-4.4.0/contrib/clustering/lib/jackson-mapper-asl-1.7.4.jar' to classloader
INFO  - 2016-06-09 15:55:48.927; org.apache.solr.core.SolrResourceLoader; Adding 'file:/C:/Users/BaezGMa/Downloads/solr-4.4.0%20(1)/solr-4.4.0/contrib/clustering/lib/mahout-collections-1.0.jar' to classloader
INFO  - 2016-06-09 15:55:48.927; org.apache.solr.core.SolrResourceLoader; Adding 'file:/C:/Users/BaezGMa/Downloads/solr-4.4.0%20(1)/solr-4.4.0/contrib/clustering/lib/mahout-math-0.6.jar' to classloader
INFO  - 2016-06-09 15:55:48.928; org.apache.solr.core.SolrResourceLoader; Adding 'file:/C:/Users/BaezGMa/Downloads/solr-4.4.0%20(1)/solr-4.4.0/contrib/clustering/lib/simple-xml-2.6.4.jar' to classloader
INFO  - 2016-06-09 15:55:48.930; org.apache.solr.core.SolrResourceLoader; Adding 'file:/C:/Users/BaezGMa/Downloads/solr-4.4.0%20(1)/solr-4.4.0/dist/solr-clustering-4.4.0.jar' to classloader
INFO  - 2016-06-09 15:55:48.932; org.apache.solr.core.SolrResourceLoader; Adding 'file:/C:/Users/BaezGMa/Downloads/solr-4.4.0%20(1)/solr-4.4.0/contrib/langid/lib/jsonic-1.2.7.jar' to classloader
INFO  - 2016-06-09 15:55:48.933; org.apache.solr.core.SolrResourceLoader; Adding 'file:/C:/Users/BaezGMa/Downloads/solr-4.4.0%20(1)/solr-4.4.0/contrib/langid/lib/langdetect-1.1-20120112.jar' to classloader
INFO  - 2016-06-09 15:55:48.934; org.apache.solr.core.SolrResourceLoader; Adding 'file:/C:/Users/BaezGMa/Downloads/solr-4.4.0%20(1)/solr-4.4.0/dist/solr-langid-4.4.0.jar' to classloader
INFO  - 2016-06-09 15:55:48.936; org.apache.solr.core.SolrResourceLoader; Adding 'file:/C:/Users/BaezGMa/Downloads/solr-4.4.0%20(1)/solr-4.4.0/contrib/velocity/lib/commons-beanutils-1.7.0.jar' to classloader
INFO  - 2016-06-09 15:55:48.937; org.apache.solr.core.SolrResourceLoader; Adding 'file:/C:/Users/BaezGMa/Downloads/solr-4.4.0%20(1)/solr-4.4.0/contrib/velocity/lib/commons-collections-3.2.1.jar' to classloader
INFO  - 2016-06-09 15:55:48.937; org.apache.solr.core.SolrResourceLoader; Adding 'file:/C:/Users/BaezGMa/Downloads/solr-4.4.0%20(1)/solr-4.4.0/contrib/velocity/lib/velocity-1.7.jar' to classloader
INFO  - 2016-06-09 15:55:48.938; org.apache.solr.core.SolrResourceLoader; Adding 'file:/C:/Users/BaezGMa/Downloads/solr-4.4.0%20(1)/solr-4.4.0/contrib/velocity/lib/velocity-tools-2.0.jar' to classloader
INFO  - 2016-06-09 15:55:48.940; org.apache.solr.core.SolrResourceLoader; Adding 'file:/C:/Users/BaezGMa/Downloads/solr-4.4.0%20(1)/solr-4.4.0/dist/solr-velocity-4.4.0.jar' to classloader
INFO  - 2016-06-09 15:55:49.091; org.apache.solr.update.SolrIndexConfig; IndexWriter infoStream solr logging is enabled
INFO  - 2016-06-09 15:55:49.097; org.apache.solr.core.SolrConfig; Using Lucene MatchVersion: LUCENE_44
INFO  - 2016-06-09 15:55:49.237; org.apache.solr.core.SolrConfig; Loaded SolrConfig: solrconfig.xml
INFO  - 2016-06-09 15:55:49.248; org.apache.solr.schema.IndexSchema; Reading Solr Schema from schema.xml
INFO  - 2016-06-09 15:55:49.304; org.apache.solr.schema.IndexSchema; [collection1] Schema name=example
INFO  - 2016-06-09 15:55:49.699; org.apache.solr.schema.IndexSchema; unique key field: id
INFO  - 2016-06-09 15:55:49.826; org.apache.solr.schema.FileExchangeRateProvider; Reloading exchange rates from file currency.xml
INFO  - 2016-06-09 15:55:49.834; org.apache.solr.schema.FileExchangeRateProvider; Reloading exchange rates from file currency.xml
INFO  - 2016-06-09 15:55:50.026; org.apache.solr.core.SolrCore; solr.NRTCachingDirectoryFactory
INFO  - 2016-06-09 15:55:50.037; org.apache.solr.core.SolrCore; [collection1] Opening new SolrCore at C:\Users\BaezGMa\Downloads\solr-4.4.0 (1)\solr-4.4.0\example\solr\collection1\, dataDir=C:\Users\BaezGMa\Downloads\solr-4.4.0 (1)\solr-4.4.0\example\solr\collection1\data\
INFO  - 2016-06-09 15:55:50.040; org.apache.solr.core.JmxMonitoredMap; No JMX servers found, not exposing Solr information with JMX.
INFO  - 2016-06-09 15:55:50.048; org.apache.solr.core.SolrCore; [collection1] Added SolrEventListener for newSearcher: org.apache.solr.core.QuerySenderListener{queries=[]}
INFO  - 2016-06-09 15:55:50.049; org.apache.solr.core.SolrCore; [collection1] Added SolrEventListener for firstSearcher: org.apache.solr.core.QuerySenderListener{queries=[{q=static firstSearcher warming in solrconfig.xml}]}
INFO  - 2016-06-09 15:55:50.080; org.apache.solr.core.CachingDirectoryFactory; return new directory for C:\Users\BaezGMa\Downloads\solr-4.4.0 (1)\solr-4.4.0\example\solr\collection1\data
INFO  - 2016-06-09 15:55:50.081; org.apache.solr.core.SolrCore; New index directory detected: old=null new=C:\Users\BaezGMa\Downloads\solr-4.4.0 (1)\solr-4.4.0\example\solr\collection1\data\index/
INFO  - 2016-06-09 15:55:50.084; org.apache.solr.core.CachingDirectoryFactory; return new directory for C:\Users\BaezGMa\Downloads\solr-4.4.0 (1)\solr-4.4.0\example\solr\collection1\data\index
INFO  - 2016-06-09 15:55:50.097; org.apache.solr.core.SolrCore; created json: solr.JSONResponseWriter
INFO  - 2016-06-09 15:55:50.097; org.apache.solr.core.SolrCore; adding lazy queryResponseWriter: solr.VelocityResponseWriter
INFO  - 2016-06-09 15:55:50.098; org.apache.solr.core.SolrCore; created velocity: solr.VelocityResponseWriter
INFO  - 2016-06-09 15:55:50.102; org.apache.solr.core.SolrCore; created xslt: solr.XSLTResponseWriter
INFO  - 2016-06-09 15:55:50.103; org.apache.solr.response.XSLTResponseWriter; xsltCacheLifetimeSeconds=5
INFO  - 2016-06-09 15:55:50.175; org.apache.solr.core.RequestHandlers; created /select: solr.SearchHandler
INFO  - 2016-06-09 15:55:50.176; org.apache.solr.core.RequestHandlers; created /query: solr.SearchHandler
INFO  - 2016-06-09 15:55:50.178; org.apache.solr.core.RequestHandlers; created /get: solr.RealTimeGetHandler
INFO  - 2016-06-09 15:55:50.178; org.apache.solr.core.RequestHandlers; created /browse: solr.SearchHandler
INFO  - 2016-06-09 15:55:50.181; org.apache.solr.core.RequestHandlers; created /update: solr.UpdateRequestHandler
INFO  - 2016-06-09 15:55:50.183; org.apache.solr.core.RequestHandlers; created /update/json: solr.JsonUpdateRequestHandler
INFO  - 2016-06-09 15:55:50.185; org.apache.solr.core.RequestHandlers; created /update/csv: solr.CSVRequestHandler
INFO  - 2016-06-09 15:55:50.186; org.apache.solr.core.RequestHandlers; adding lazy requestHandler: solr.extraction.ExtractingRequestHandler
INFO  - 2016-06-09 15:55:50.186; org.apache.solr.core.RequestHandlers; created /update/extract: solr.extraction.ExtractingRequestHandler
INFO  - 2016-06-09 15:55:50.187; org.apache.solr.core.RequestHandlers; adding lazy requestHandler: solr.FieldAnalysisRequestHandler
INFO  - 2016-06-09 15:55:50.187; org.apache.solr.core.RequestHandlers; created /analysis/field: solr.FieldAnalysisRequestHandler
INFO  - 2016-06-09 15:55:50.188; org.apache.solr.core.RequestHandlers; adding lazy requestHandler: solr.DocumentAnalysisRequestHandler
INFO  - 2016-06-09 15:55:50.188; org.apache.solr.core.RequestHandlers; created /analysis/document: solr.DocumentAnalysisRequestHandler
INFO  - 2016-06-09 15:55:50.190; org.apache.solr.core.RequestHandlers; created /admin/: solr.admin.AdminHandlers
INFO  - 2016-06-09 15:55:50.192; org.apache.solr.core.RequestHandlers; created /admin/ping: solr.PingRequestHandler
INFO  - 2016-06-09 15:55:50.195; org.apache.solr.core.RequestHandlers; created /debug/dump: solr.DumpRequestHandler
INFO  - 2016-06-09 15:55:50.267; org.apache.solr.core.RequestHandlers; created /replication: solr.ReplicationHandler
INFO  - 2016-06-09 15:55:50.267; org.apache.solr.core.RequestHandlers; adding lazy requestHandler: solr.SearchHandler
INFO  - 2016-06-09 15:55:50.267; org.apache.solr.core.RequestHandlers; created /spell: solr.SearchHandler
INFO  - 2016-06-09 15:55:50.267; org.apache.solr.core.RequestHandlers; adding lazy requestHandler: solr.SearchHandler
INFO  - 2016-06-09 15:55:50.268; org.apache.solr.core.RequestHandlers; created /tvrh: solr.SearchHandler
INFO  - 2016-06-09 15:55:50.273; org.apache.solr.core.RequestHandlers; created /dataimport: org.apache.solr.handler.dataimport.DataImportHandler
INFO  - 2016-06-09 15:55:50.273; org.apache.solr.core.RequestHandlers; adding lazy requestHandler: solr.SearchHandler
INFO  - 2016-06-09 15:55:50.274; org.apache.solr.core.RequestHandlers; created /terms: solr.SearchHandler
INFO  - 2016-06-09 15:55:50.274; org.apache.solr.core.RequestHandlers; adding lazy requestHandler: solr.SearchHandler
INFO  - 2016-06-09 15:55:50.275; org.apache.solr.core.RequestHandlers; created /elevate: solr.SearchHandler
INFO  - 2016-06-09 15:55:50.292; org.apache.solr.handler.loader.XMLLoader; xsltCacheLifetimeSeconds=60
INFO  - 2016-06-09 15:55:50.296; org.apache.solr.handler.loader.XMLLoader; xsltCacheLifetimeSeconds=60
INFO  - 2016-06-09 15:55:50.297; org.apache.solr.handler.loader.XMLLoader; xsltCacheLifetimeSeconds=60
INFO  - 2016-06-09 15:55:50.336; org.apache.solr.search.SolrIndexSearcher; Opening Searcher@541f4325 main
INFO  - 2016-06-09 15:55:50.360; org.apache.solr.update.CommitTracker; Hard AutoCommit: if uncommited for 15000ms; 
INFO  - 2016-06-09 15:55:50.361; org.apache.solr.update.CommitTracker; Soft AutoCommit: disabled
INFO  - 2016-06-09 15:55:50.361; org.apache.solr.handler.component.SpellCheckComponent; Initializing spell checkers
INFO  - 2016-06-09 15:55:50.367; org.apache.solr.spelling.DirectSolrSpellChecker; init: {name=default,field=text,classname=solr.DirectSolrSpellChecker,distanceMeasure=internal,accuracy=0.5,maxEdits=2,minPrefix=1,maxInspections=5,minQueryLength=4,maxQueryFrequency=0.01}
INFO  - 2016-06-09 15:55:50.374; org.apache.solr.handler.component.SpellCheckComponent; No queryConverter defined, using default converter
INFO  - 2016-06-09 15:55:50.376; org.apache.solr.handler.component.QueryElevationComponent; Loading QueryElevation from: C:\Users\BaezGMa\Downloads\solr-4.4.0 (1)\solr-4.4.0\example\solr\collection1\conf\elevate.xml
INFO  - 2016-06-09 15:55:50.428; org.apache.solr.handler.ReplicationHandler; Commits will be reserved for  10000
INFO  - 2016-06-09 15:55:50.433; org.apache.solr.core.QuerySenderListener; QuerySenderListener sending requests to Searcher@541f4325 main{StandardDirectoryReader(segments_1:1)}
INFO  - 2016-06-09 15:55:50.434; org.apache.solr.core.CoreContainer; registering core: collection1
INFO  - 2016-06-09 15:55:50.436; org.apache.solr.servlet.SolrDispatchFilter; user.dir=C:\Users\BaezGMa\Downloads\solr-4.4.0 (1)\solr-4.4.0\example
INFO  - 2016-06-09 15:55:50.437; org.apache.solr.servlet.SolrDispatchFilter; SolrDispatchFilter.init() done
INFO  - 2016-06-09 15:55:50.466; org.eclipse.jetty.server.AbstractConnector; Started SocketConnector@0.0.0.0:8983
INFO  - 2016-06-09 15:55:50.481; org.apache.solr.core.SolrCore; [collection1] webapp=null path=null params={q=static+firstSearcher+warming+in+solrconfig.xml&distrib=false&event=firstSearcher} hits=0 status=0 QTime=46 
INFO  - 2016-06-09 15:55:50.482; org.apache.solr.core.QuerySenderListener; QuerySenderListener done.
INFO  - 2016-06-09 15:55:50.483; org.apache.solr.handler.component.SpellCheckComponent$SpellCheckerListener; Loading spell index for spellchecker: default
INFO  - 2016-06-09 15:55:50.483; org.apache.solr.handler.component.SpellCheckComponent$SpellCheckerListener; Loading spell index for spellchecker: wordbreak
INFO  - 2016-06-09 15:55:50.484; org.apache.solr.core.SolrCore; [collection1] Registered new searcher Searcher@541f4325 main{StandardDirectoryReader(segments_1:1)}
INFO  - 2016-06-09 15:56:47.267; org.apache.solr.servlet.SolrDispatchFilter; [admin] webapp=null path=/admin/cores params={indexInfo=false&wt=json&_=1465502207255} status=0 QTime=2 
INFO  - 2016-06-09 15:56:47.345; org.apache.solr.core.SolrCore; [collection1] webapp=/solr path=/admin/system params={wt=json&_=1465502207299} status=0 QTime=35 
INFO  - 2016-06-09 15:56:57.141; org.apache.solr.core.SolrCore; [collection1] webapp=/solr path=/admin/file/ params={file=admin-extra.menu-bottom.html&contentType=text/html;charset%3Dutf-8&_=1465502217128} status=0 QTime=1 
INFO  - 2016-06-09 15:56:57.141; org.apache.solr.core.SolrCore; [collection1] webapp=/solr path=/admin/file/ params={file=admin-extra.menu-top.html&contentType=text/html;charset%3Dutf-8&_=1465502217126} status=0 QTime=2 
INFO  - 2016-06-09 15:56:57.248; org.apache.solr.core.SolrCore; [collection1] webapp=/solr path=/admin/luke params={show=index&numTerms=0&wt=json&_=1465502217217} status=0 QTime=8 
INFO  - 2016-06-09 15:56:57.249; org.apache.solr.core.SolrCore; [collection1] webapp=/solr path=/replication params={wt=json&command=details&_=1465502217222} status=0 QTime=7 
INFO  - 2016-06-09 15:56:57.256; org.apache.solr.core.SolrCore; [collection1] webapp=/solr path=/dataimport params={wt=json&command=details&_=1465502217226} status=0 QTime=9 
INFO  - 2016-06-09 15:56:57.260; org.apache.solr.core.SolrCore; [collection1] webapp=/solr path=/admin/file/ params={file=admin-extra.html&_=1465502217229} status=0 QTime=2 
INFO  - 2016-06-09 15:56:57.281; org.apache.solr.core.SolrCore; [collection1] webapp=/solr path=/admin/ping params={action=status&wt=json&_=1465502217236} status=503 QTime=4 
INFO  - 2016-06-09 15:56:59.747; org.apache.solr.core.SolrCore; [collection1] webapp=/solr path=/admin/mbeans params={cat=QUERYHANDLER&wt=json&_=1465502219735} status=0 QTime=3 
INFO  - 2016-06-09 15:56:59.799; org.apache.solr.core.SolrCore; [collection1] webapp=/solr path=/admin/mbeans params={cat=QUERYHANDLER&wt=json&_=1465502219785} status=0 QTime=1 
INFO  - 2016-06-09 15:56:59.807; org.apache.solr.core.SolrCore; [collection1] webapp=/solr path=/dataimport params={indent=true&wt=json&command=status&_=1465502219791} status=0 QTime=1 
INFO  - 2016-06-09 15:56:59.808; org.apache.solr.core.SolrCore; [collection1] webapp=/solr path=/dataimport params={indent=true&command=show-config&_=1465502219787} status=0 QTime=2 
INFO  - 2016-06-09 16:01:36.666; org.apache.solr.handler.dataimport.DataImporter; Loading DIH Configuration: data-config.xml
INFO  - 2016-06-09 16:01:36.700; org.apache.solr.handler.dataimport.config.DIHConfiguration; id is a required field in SolrSchema . But not found in DataConfig
INFO  - 2016-06-09 16:01:36.701; org.apache.solr.handler.dataimport.DataImporter; Data Configuration loaded successfully
INFO  - 2016-06-09 16:01:36.712; org.apache.solr.core.SolrCore; [collection1] webapp=/solr path=/dataimport params={debug=false&optimize=false&indent=true&commit=true&clean=true&wt=json&command=full-import&entity=book&verbose=false} status=0 QTime=48 
INFO  - 2016-06-09 16:01:36.714; org.apache.solr.handler.dataimport.DataImporter; Starting Full Import
WARN  - 2016-06-09 16:01:36.732; org.apache.solr.handler.dataimport.SimplePropertiesWriter; Unable to read: dataimport.properties
INFO  - 2016-06-09 16:01:36.763; org.apache.solr.core.SolrCore; [collection1] webapp=/solr path=/dataimport params={indent=true&wt=json&command=status&_=1465502496737} status=0 QTime=1 
INFO  - 2016-06-09 16:01:36.977; org.apache.solr.core.SolrDeletionPolicy; SolrDeletionPolicy.onInit: commits: num=1
	commit{dir=NRTCachingDirectory(org.apache.lucene.store.MMapDirectory@C:\Users\BaezGMa\Downloads\solr-4.4.0 (1)\solr-4.4.0\example\solr\collection1\data\index lockFactory=org.apache.lucene.store.NativeFSLockFactory@34fcf85b; maxCacheMB=48.0 maxMergeSizeMB=4.0),segFN=segments_1,generation=1}
INFO  - 2016-06-09 16:01:36.978; org.apache.solr.core.SolrDeletionPolicy; newest commit generation = 1
INFO  - 2016-06-09 16:01:37.017; org.apache.solr.search.SolrIndexSearcher; Opening Searcher@30aed65b realtime
INFO  - 2016-06-09 16:01:37.136; org.apache.solr.handler.dataimport.JdbcDataSource$1; Creating a connection for entity book with URL: jdbc:mysql://localhost:3306/library
INFO  - 2016-06-09 16:01:37.598; org.apache.solr.handler.dataimport.JdbcDataSource$1; Time taken for getConnection(): 462
WARN  - 2016-06-09 16:01:37.733; org.apache.solr.handler.dataimport.SolrWriter; Error creating document : SolrInputDocument[isbn=1010, ti=Blih Blih, au=Harini, genre=scifi]
org.apache.solr.common.SolrException: Document is missing mandatory uniqueKey field: id
	at org.apache.solr.update.AddUpdateCommand.getIndexedId(AddUpdateCommand.java:88)
	at org.apache.solr.update.processor.DistributedUpdateProcessor.versionAdd(DistributedUpdateProcessor.java:569)
	at org.apache.solr.update.processor.DistributedUpdateProcessor.processAdd(DistributedUpdateProcessor.java:435)
	at org.apache.solr.update.processor.LogUpdateProcessor.processAdd(LogUpdateProcessorFactory.java:100)
	at org.apache.solr.handler.dataimport.SolrWriter.upload(SolrWriter.java:70)
	at org.apache.solr.handler.dataimport.DataImportHandler$1.upload(DataImportHandler.java:235)
	at org.apache.solr.handler.dataimport.DocBuilder.buildDocument(DocBuilder.java:504)
	at org.apache.solr.handler.dataimport.DocBuilder.buildDocument(DocBuilder.java:408)
	at org.apache.solr.handler.dataimport.DocBuilder.doFullDump(DocBuilder.java:323)
	at org.apache.solr.handler.dataimport.DocBuilder.execute(DocBuilder.java:231)
	at org.apache.solr.handler.dataimport.DataImporter.doFullImport(DataImporter.java:411)
	at org.apache.solr.handler.dataimport.DataImporter.runCmd(DataImporter.java:476)
	at org.apache.solr.handler.dataimport.DataImporter$1.run(DataImporter.java:457)
WARN  - 2016-06-09 16:01:37.743; org.apache.solr.handler.dataimport.SolrWriter; Error creating document : SolrInputDocument[isbn=1234, ti=Blah Blah, au=Manuel, genre=fantasy]
org.apache.solr.common.SolrException: Document is missing mandatory uniqueKey field: id
	at org.apache.solr.update.AddUpdateCommand.getIndexedId(AddUpdateCommand.java:88)
	at org.apache.solr.update.processor.DistributedUpdateProcessor.versionAdd(DistributedUpdateProcessor.java:569)
	at org.apache.solr.update.processor.DistributedUpdateProcessor.processAdd(DistributedUpdateProcessor.java:435)
	at org.apache.solr.update.processor.LogUpdateProcessor.processAdd(LogUpdateProcessorFactory.java:100)
	at org.apache.solr.handler.dataimport.SolrWriter.upload(SolrWriter.java:70)
	at org.apache.solr.handler.dataimport.DataImportHandler$1.upload(DataImportHandler.java:235)
	at org.apache.solr.handler.dataimport.DocBuilder.buildDocument(DocBuilder.java:504)
	at org.apache.solr.handler.dataimport.DocBuilder.buildDocument(DocBuilder.java:408)
	at org.apache.solr.handler.dataimport.DocBuilder.doFullDump(DocBuilder.java:323)
	at org.apache.solr.handler.dataimport.DocBuilder.execute(DocBuilder.java:231)
	at org.apache.solr.handler.dataimport.DataImporter.doFullImport(DataImporter.java:411)
	at org.apache.solr.handler.dataimport.DataImporter.runCmd(DataImporter.java:476)
	at org.apache.solr.handler.dataimport.DataImporter$1.run(DataImporter.java:457)
WARN  - 2016-06-09 16:01:37.754; org.apache.solr.handler.dataimport.SolrWriter; Error creating document : SolrInputDocument[isbn=4567, ti=Bleh Bleh, au=Harini, genre=scifi]
org.apache.solr.common.SolrException: Document is missing mandatory uniqueKey field: id
	at org.apache.solr.update.AddUpdateCommand.getIndexedId(AddUpdateCommand.java:88)
	at org.apache.solr.update.processor.DistributedUpdateProcessor.versionAdd(DistributedUpdateProcessor.java:569)
	at org.apache.solr.update.processor.DistributedUpdateProcessor.processAdd(DistributedUpdateProcessor.java:435)
	at org.apache.solr.update.processor.LogUpdateProcessor.processAdd(LogUpdateProcessorFactory.java:100)
	at org.apache.solr.handler.dataimport.SolrWriter.upload(SolrWriter.java:70)
	at org.apache.solr.handler.dataimport.DataImportHandler$1.upload(DataImportHandler.java:235)
	at org.apache.solr.handler.dataimport.DocBuilder.buildDocument(DocBuilder.java:504)
	at org.apache.solr.handler.dataimport.DocBuilder.buildDocument(DocBuilder.java:408)
	at org.apache.solr.handler.dataimport.DocBuilder.doFullDump(DocBuilder.java:323)
	at org.apache.solr.handler.dataimport.DocBuilder.execute(DocBuilder.java:231)
	at org.apache.solr.handler.dataimport.DataImporter.doFullImport(DataImporter.java:411)
	at org.apache.solr.handler.dataimport.DataImporter.runCmd(DataImporter.java:476)
	at org.apache.solr.handler.dataimport.DataImporter$1.run(DataImporter.java:457)
INFO  - 2016-06-09 16:01:37.769; org.apache.solr.handler.dataimport.DocBuilder; Import completed successfully
INFO  - 2016-06-09 16:01:37.770; org.apache.solr.update.DirectUpdateHandler2; start commit{,optimize=false,openSearcher=true,waitSearcher=true,expungeDeletes=false,softCommit=false,prepareCommit=false}
INFO  - 2016-06-09 16:01:37.771; org.apache.solr.update.DirectUpdateHandler2; No uncommitted changes. Skipping IW.commit.
INFO  - 2016-06-09 16:01:37.773; org.apache.solr.search.SolrIndexSearcher; Opening Searcher@6d10bd44 main
INFO  - 2016-06-09 16:01:37.778; org.apache.solr.update.DirectUpdateHandler2; end_commit_flush
INFO  - 2016-06-09 16:01:37.780; org.apache.solr.core.QuerySenderListener; QuerySenderListener sending requests to Searcher@6d10bd44 main{StandardDirectoryReader(segments_1:1:nrt)}
INFO  - 2016-06-09 16:01:37.782; org.apache.solr.core.QuerySenderListener; QuerySenderListener done.
INFO  - 2016-06-09 16:01:37.783; org.apache.solr.core.SolrCore; [collection1] Registered new searcher Searcher@6d10bd44 main{StandardDirectoryReader(segments_1:1:nrt)}
WARN  - 2016-06-09 16:01:37.787; org.apache.solr.handler.dataimport.SimplePropertiesWriter; Unable to read: dataimport.properties
INFO  - 2016-06-09 16:01:37.808; org.apache.solr.handler.dataimport.SimplePropertiesWriter; Wrote last indexed time to dataimport.properties
INFO  - 2016-06-09 16:01:37.811; org.apache.solr.handler.dataimport.DocBuilder; Time taken = 0:0:1.75
INFO  - 2016-06-09 16:01:37.812; org.apache.solr.update.processor.LogUpdateProcessor; [collection1] webapp=/solr path=/dataimport params={debug=false&optimize=false&indent=true&commit=true&clean=true&wt=json&command=full-import&entity=book&verbose=false} status=0 QTime=48 {deleteByQuery=*:* (-1536690746118111232),commit=} 0 48
INFO  - 2016-06-09 16:02:29.911; org.apache.solr.core.SolrCore; [collection1] webapp=/solr path=/dataimport params={indent=true&wt=json&command=status&_=1465502549886} status=0 QTime=1 
INFO  - 2016-06-09 16:10:18.849; org.apache.solr.handler.dataimport.DataImporter; Loading DIH Configuration: data-config.xml
INFO  - 2016-06-09 16:10:18.853; org.apache.solr.handler.dataimport.config.DIHConfiguration; id is a required field in SolrSchema . But not found in DataConfig
INFO  - 2016-06-09 16:10:18.855; org.apache.solr.handler.dataimport.DataImporter; Data Configuration loaded successfully
INFO  - 2016-06-09 16:10:18.856; org.apache.solr.core.SolrCore; [collection1] webapp=/solr path=/dataimport params={debug=false&optimize=false&indent=true&commit=true&clean=true&wt=json&command=full-import&entity=book&verbose=false} status=0 QTime=9 
INFO  - 2016-06-09 16:10:18.861; org.apache.solr.handler.dataimport.DataImporter; Starting Full Import
INFO  - 2016-06-09 16:10:18.867; org.apache.solr.handler.dataimport.SimplePropertiesWriter; Read dataimport.properties
INFO  - 2016-06-09 16:10:18.877; org.apache.solr.handler.dataimport.JdbcDataSource$1; Creating a connection for entity book with URL: jdbc:mysql://localhost:3306/library
INFO  - 2016-06-09 16:10:18.883; org.apache.solr.core.SolrCore; [collection1] webapp=/solr path=/dataimport params={indent=true&wt=json&command=status&_=1465503018840} status=0 QTime=0 
INFO  - 2016-06-09 16:10:19.040; org.apache.solr.handler.dataimport.JdbcDataSource$1; Time taken for getConnection(): 162
WARN  - 2016-06-09 16:10:19.042; org.apache.solr.handler.dataimport.SolrWriter; Error creating document : SolrInputDocument[isbn=1010, ti=Blih Blih, au=Harini, genre=scifi]
org.apache.solr.common.SolrException: Document is missing mandatory uniqueKey field: id
	at org.apache.solr.update.AddUpdateCommand.getIndexedId(AddUpdateCommand.java:88)
	at org.apache.solr.update.processor.DistributedUpdateProcessor.versionAdd(DistributedUpdateProcessor.java:569)
	at org.apache.solr.update.processor.DistributedUpdateProcessor.processAdd(DistributedUpdateProcessor.java:435)
	at org.apache.solr.update.processor.LogUpdateProcessor.processAdd(LogUpdateProcessorFactory.java:100)
	at org.apache.solr.handler.dataimport.SolrWriter.upload(SolrWriter.java:70)
	at org.apache.solr.handler.dataimport.DataImportHandler$1.upload(DataImportHandler.java:235)
	at org.apache.solr.handler.dataimport.DocBuilder.buildDocument(DocBuilder.java:504)
	at org.apache.solr.handler.dataimport.DocBuilder.buildDocument(DocBuilder.java:408)
	at org.apache.solr.handler.dataimport.DocBuilder.doFullDump(DocBuilder.java:323)
	at org.apache.solr.handler.dataimport.DocBuilder.execute(DocBuilder.java:231)
	at org.apache.solr.handler.dataimport.DataImporter.doFullImport(DataImporter.java:411)
	at org.apache.solr.handler.dataimport.DataImporter.runCmd(DataImporter.java:476)
	at org.apache.solr.handler.dataimport.DataImporter$1.run(DataImporter.java:457)
WARN  - 2016-06-09 16:10:19.046; org.apache.solr.handler.dataimport.SolrWriter; Error creating document : SolrInputDocument[isbn=1234, ti=Blah Blah, au=Manuel, genre=fantasy]
org.apache.solr.common.SolrException: Document is missing mandatory uniqueKey field: id
	at org.apache.solr.update.AddUpdateCommand.getIndexedId(AddUpdateCommand.java:88)
	at org.apache.solr.update.processor.DistributedUpdateProcessor.versionAdd(DistributedUpdateProcessor.java:569)
	at org.apache.solr.update.processor.DistributedUpdateProcessor.processAdd(DistributedUpdateProcessor.java:435)
	at org.apache.solr.update.processor.LogUpdateProcessor.processAdd(LogUpdateProcessorFactory.java:100)
	at org.apache.solr.handler.dataimport.SolrWriter.upload(SolrWriter.java:70)
	at org.apache.solr.handler.dataimport.DataImportHandler$1.upload(DataImportHandler.java:235)
	at org.apache.solr.handler.dataimport.DocBuilder.buildDocument(DocBuilder.java:504)
	at org.apache.solr.handler.dataimport.DocBuilder.buildDocument(DocBuilder.java:408)
	at org.apache.solr.handler.dataimport.DocBuilder.doFullDump(DocBuilder.java:323)
	at org.apache.solr.handler.dataimport.DocBuilder.execute(DocBuilder.java:231)
	at org.apache.solr.handler.dataimport.DataImporter.doFullImport(DataImporter.java:411)
	at org.apache.solr.handler.dataimport.DataImporter.runCmd(DataImporter.java:476)
	at org.apache.solr.handler.dataimport.DataImporter$1.run(DataImporter.java:457)
WARN  - 2016-06-09 16:10:19.049; org.apache.solr.handler.dataimport.SolrWriter; Error creating document : SolrInputDocument[isbn=4567, ti=Bleh Bleh, au=Harini, genre=scifi]
org.apache.solr.common.SolrException: Document is missing mandatory uniqueKey field: id
	at org.apache.solr.update.AddUpdateCommand.getIndexedId(AddUpdateCommand.java:88)
	at org.apache.solr.update.processor.DistributedUpdateProcessor.versionAdd(DistributedUpdateProcessor.java:569)
	at org.apache.solr.update.processor.DistributedUpdateProcessor.processAdd(DistributedUpdateProcessor.java:435)
	at org.apache.solr.update.processor.LogUpdateProcessor.processAdd(LogUpdateProcessorFactory.java:100)
	at org.apache.solr.handler.dataimport.SolrWriter.upload(SolrWriter.java:70)
	at org.apache.solr.handler.dataimport.DataImportHandler$1.upload(DataImportHandler.java:235)
	at org.apache.solr.handler.dataimport.DocBuilder.buildDocument(DocBuilder.java:504)
	at org.apache.solr.handler.dataimport.DocBuilder.buildDocument(DocBuilder.java:408)
	at org.apache.solr.handler.dataimport.DocBuilder.doFullDump(DocBuilder.java:323)
	at org.apache.solr.handler.dataimport.DocBuilder.execute(DocBuilder.java:231)
	at org.apache.solr.handler.dataimport.DataImporter.doFullImport(DataImporter.java:411)
	at org.apache.solr.handler.dataimport.DataImporter.runCmd(DataImporter.java:476)
	at org.apache.solr.handler.dataimport.DataImporter$1.run(DataImporter.java:457)
INFO  - 2016-06-09 16:10:19.052; org.apache.solr.handler.dataimport.DocBuilder; Import completed successfully
INFO  - 2016-06-09 16:10:19.053; org.apache.solr.update.DirectUpdateHandler2; start commit{,optimize=false,openSearcher=true,waitSearcher=true,expungeDeletes=false,softCommit=false,prepareCommit=false}
INFO  - 2016-06-09 16:10:19.053; org.apache.solr.update.DirectUpdateHandler2; No uncommitted changes. Skipping IW.commit.
INFO  - 2016-06-09 16:10:19.056; org.apache.solr.search.SolrIndexSearcher; Opening Searcher@493ea2b main
INFO  - 2016-06-09 16:10:19.057; org.apache.solr.update.DirectUpdateHandler2; end_commit_flush
INFO  - 2016-06-09 16:10:19.058; org.apache.solr.core.QuerySenderListener; QuerySenderListener sending requests to Searcher@493ea2b main{StandardDirectoryReader(segments_1:1:nrt)}
INFO  - 2016-06-09 16:10:19.059; org.apache.solr.core.QuerySenderListener; QuerySenderListener done.
INFO  - 2016-06-09 16:10:19.060; org.apache.solr.core.SolrCore; [collection1] Registered new searcher Searcher@493ea2b main{StandardDirectoryReader(segments_1:1:nrt)}
INFO  - 2016-06-09 16:10:19.061; org.apache.solr.handler.dataimport.SimplePropertiesWriter; Read dataimport.properties
INFO  - 2016-06-09 16:10:19.066; org.apache.solr.handler.dataimport.SimplePropertiesWriter; Wrote last indexed time to dataimport.properties
INFO  - 2016-06-09 16:10:19.067; org.apache.solr.handler.dataimport.DocBuilder; Time taken = 0:0:0.199
INFO  - 2016-06-09 16:10:19.067; org.apache.solr.update.processor.LogUpdateProcessor; [collection1] webapp=/solr path=/dataimport params={debug=false&optimize=false&indent=true&commit=true&clean=true&wt=json&command=full-import&entity=book&verbose=false} status=0 QTime=9 {deleteByQuery=*:* (-1536691293512531968),commit=} 0 9
INFO  - 2016-06-09 16:10:22.886; org.apache.solr.core.SolrCore; [collection1] webapp=/solr path=/dataimport params={indent=true&wt=json&command=status&_=1465503022844} status=0 QTime=0 
INFO  - 2016-06-09 16:15:47.222; org.apache.solr.core.SolrCore; [collection1] webapp=/solr path=/select params={q=*Bleh*&indent=true&wt=json&_=1465503347114} hits=0 status=0 QTime=71 
INFO  - 2016-06-09 16:19:37.386; org.apache.solr.core.SolrCore; [collection1] webapp=/solr path=/select params={q=*Bleh*&indent=true&wt=json&_=1465503577339} hits=0 status=0 QTime=10 
INFO  - 2016-06-09 16:19:39.952; org.apache.solr.core.SolrCore; [collection1] webapp=/solr path=/admin/mbeans params={cat=QUERYHANDLER&wt=json&_=1465503579934} status=0 QTime=2 
INFO  - 2016-06-09 16:19:40.032; org.apache.solr.core.SolrCore; [collection1] webapp=/solr path=/admin/mbeans params={cat=QUERYHANDLER&wt=json&_=1465503580021} status=0 QTime=1 
INFO  - 2016-06-09 16:19:40.042; org.apache.solr.core.SolrCore; [collection1] webapp=/solr path=/dataimport params={indent=true&wt=json&command=status&_=1465503580027} status=0 QTime=0 
INFO  - 2016-06-09 16:19:40.043; org.apache.solr.core.SolrCore; [collection1] webapp=/solr path=/dataimport params={indent=true&command=show-config&_=1465503580024} status=0 QTime=2 
INFO  - 2016-06-09 16:19:42.775; org.apache.solr.handler.dataimport.DataImporter; Loading DIH Configuration: data-config.xml
INFO  - 2016-06-09 16:19:42.781; org.apache.solr.handler.dataimport.DataImporter; Data Configuration loaded successfully
INFO  - 2016-06-09 16:19:42.783; org.apache.solr.core.SolrCore; [collection1] webapp=/solr path=/dataimport params={debug=false&optimize=false&indent=true&commit=true&clean=true&wt=json&command=full-import&verbose=false} status=0 QTime=10 
INFO  - 2016-06-09 16:19:42.784; org.apache.solr.handler.dataimport.DataImporter; Starting Full Import
INFO  - 2016-06-09 16:19:42.792; org.apache.solr.handler.dataimport.SimplePropertiesWriter; Read dataimport.properties
INFO  - 2016-06-09 16:19:42.805; org.apache.solr.handler.dataimport.JdbcDataSource$1; Creating a connection for entity book with URL: jdbc:mysql://localhost:3306/library
INFO  - 2016-06-09 16:19:42.825; org.apache.solr.core.SolrCore; [collection1] webapp=/solr path=/dataimport params={indent=true&wt=json&command=status&_=1465503582788} status=0 QTime=1 
INFO  - 2016-06-09 16:19:42.980; org.apache.solr.handler.dataimport.JdbcDataSource$1; Time taken for getConnection(): 169
INFO  - 2016-06-09 16:19:43.075; org.apache.solr.handler.dataimport.DocBuilder; Import completed successfully
INFO  - 2016-06-09 16:19:43.075; org.apache.solr.update.DirectUpdateHandler2; start commit{,optimize=false,openSearcher=true,waitSearcher=true,expungeDeletes=false,softCommit=false,prepareCommit=false}
INFO  - 2016-06-09 16:19:43.731; org.apache.solr.core.SolrDeletionPolicy; SolrDeletionPolicy.onCommit: commits: num=2
	commit{dir=NRTCachingDirectory(org.apache.lucene.store.MMapDirectory@C:\Users\BaezGMa\Downloads\solr-4.4.0 (1)\solr-4.4.0\example\solr\collection1\data\index lockFactory=org.apache.lucene.store.NativeFSLockFactory@34fcf85b; maxCacheMB=48.0 maxMergeSizeMB=4.0),segFN=segments_1,generation=1}
	commit{dir=NRTCachingDirectory(org.apache.lucene.store.MMapDirectory@C:\Users\BaezGMa\Downloads\solr-4.4.0 (1)\solr-4.4.0\example\solr\collection1\data\index lockFactory=org.apache.lucene.store.NativeFSLockFactory@34fcf85b; maxCacheMB=48.0 maxMergeSizeMB=4.0),segFN=segments_2,generation=2}
INFO  - 2016-06-09 16:19:43.733; org.apache.solr.core.SolrDeletionPolicy; newest commit generation = 2
INFO  - 2016-06-09 16:19:43.776; org.apache.solr.search.SolrIndexSearcher; Opening Searcher@a4bd7d7 main
INFO  - 2016-06-09 16:19:43.778; org.apache.solr.update.DirectUpdateHandler2; end_commit_flush
INFO  - 2016-06-09 16:19:43.780; org.apache.solr.core.QuerySenderListener; QuerySenderListener sending requests to Searcher@a4bd7d7 main{StandardDirectoryReader(segments_2:3:nrt _0(4.4):C3)}
INFO  - 2016-06-09 16:19:43.781; org.apache.solr.core.QuerySenderListener; QuerySenderListener done.
INFO  - 2016-06-09 16:19:43.782; org.apache.solr.core.SolrCore; [collection1] Registered new searcher Searcher@a4bd7d7 main{StandardDirectoryReader(segments_2:3:nrt _0(4.4):C3)}
INFO  - 2016-06-09 16:19:43.785; org.apache.solr.handler.dataimport.SimplePropertiesWriter; Read dataimport.properties
INFO  - 2016-06-09 16:19:43.790; org.apache.solr.handler.dataimport.SimplePropertiesWriter; Wrote last indexed time to dataimport.properties
INFO  - 2016-06-09 16:19:43.791; org.apache.solr.handler.dataimport.DocBuilder; Time taken = 0:0:0.998
INFO  - 2016-06-09 16:19:43.791; org.apache.solr.update.processor.LogUpdateProcessor; [collection1] webapp=/solr path=/dataimport params={debug=false&optimize=false&indent=true&commit=true&clean=true&wt=json&command=full-import&verbose=false} status=0 QTime=10 {deleteByQuery=*:* (-1536691884831801344),add=[1010 (1536691885031030784), 1234 (1536691885122256896), 4567 (1536691885125402624)],commit=} 0 10
INFO  - 2016-06-09 16:19:46.873; org.apache.solr.core.SolrCore; [collection1] webapp=/solr path=/dataimport params={indent=true&wt=json&command=status&_=1465503586860} status=0 QTime=0 
INFO  - 2016-06-09 16:20:15.136; org.apache.solr.core.SolrCore; [collection1] webapp=/solr path=/select params={q=*bleh%0a*&indent=true&wt=json&_=1465503615103} hits=3 status=0 QTime=21 
INFO  - 2016-06-09 16:21:14.074; org.apache.solr.core.SolrCore; [collection1] webapp=/solr path=/admin/mbeans params={cat=QUERYHANDLER&wt=json&_=1465503674048} status=0 QTime=1 
INFO  - 2016-06-09 16:21:14.139; org.apache.solr.core.SolrCore; [collection1] webapp=/solr path=/admin/mbeans params={cat=QUERYHANDLER&wt=json&_=1465503674126} status=0 QTime=0 
INFO  - 2016-06-09 16:21:14.151; org.apache.solr.core.SolrCore; [collection1] webapp=/solr path=/dataimport params={indent=true&command=show-config&_=1465503674129} status=0 QTime=1 
INFO  - 2016-06-09 16:21:14.155; org.apache.solr.core.SolrCore; [collection1] webapp=/solr path=/dataimport params={indent=true&wt=json&command=status&_=1465503674135} status=0 QTime=0 
INFO  - 2016-06-09 16:21:50.596; org.apache.solr.core.SolrCore; [collection1] webapp=/solr path=/select params={q=*beer*&indent=true&wt=json&_=1465503710562} hits=0 status=0 QTime=14 
INFO  - 2016-06-09 16:21:59.729; org.apache.solr.core.SolrCore; [collection1] webapp=/solr path=/select params={q=*help+me*&indent=true&wt=json&_=1465503719707} hits=0 status=0 QTime=5 
INFO  - 2016-06-09 16:24:55.977; org.apache.solr.core.SolrCore; [collection1] webapp=/solr path=/admin/mbeans params={cat=QUERYHANDLER&wt=json&_=1465503895950} status=0 QTime=1 
INFO  - 2016-06-09 16:24:56.072; org.apache.solr.core.SolrCore; [collection1] webapp=/solr path=/admin/mbeans params={cat=QUERYHANDLER&wt=json&_=1465503896048} status=0 QTime=1 
INFO  - 2016-06-09 16:24:56.096; org.apache.solr.core.SolrCore; [collection1] webapp=/solr path=/dataimport params={indent=true&command=show-config&_=1465503896050} status=0 QTime=2 
INFO  - 2016-06-09 16:24:56.101; org.apache.solr.core.SolrCore; [collection1] webapp=/solr path=/dataimport params={indent=true&wt=json&command=status&_=1465503896055} status=0 QTime=0 
